2003.04.30 17:56 B D:\ph2120\scans\q03s1a.jpg <-- IWeb /murdock/ph2120/scans q03s1a.jpg
2003.04.30 17:56 B D:\ph2120\scans\q03s1b.jpg <-- IWeb /murdock/ph2120/scans q03s1b.jpg
2003.04.30 17:56 B D:\ph2120\scans\q03s2a.jpg <-- IWeb /murdock/ph2120/scans q03s2a.jpg
2003.04.30 17:56 B D:\ph2120\scans\q03s2b.jpg <-- IWeb /murdock/ph2120/scans q03s2b.jpg
2003.04.30 17:56 B D:\ph2120\scans\q03s3a.jpg <-- IWeb /murdock/ph2120/scans q03s3a.jpg
2003.04.30 17:56 B D:\ph2120\scans\q03s3b.jpg <-- IWeb /murdock/ph2120/scans q03s3b.jpg
2003.04.30 17:56 B D:\ph2120\scans\q03s4a.jpg <-- IWeb /murdock/ph2120/scans q03s4a.jpg
2003.04.30 17:56 B D:\ph2120\scans\q03s4b.jpg <-- IWeb /murdock/ph2120/scans q03s4b.jpg
2003.04.30 17:56 B D:\ph2120\scans\q03s5a.jpg <-- IWeb /murdock/ph2120/scans q03s5a.jpg
2003.04.30 17:56 B D:\ph2120\scans\q03s5b.jpg <-- IWeb /murdock/ph2120/scans q03s5b.jpg
2003.05.10 14:59 B D:\ph2120\scans\e03s1a.gif <-- IWeb /murdock/ph2120/scans e03s1a.gif
2003.05.10 14:59 B D:\ph2120\scans\e03s1b.gif <-- IWeb /murdock/ph2120/scans e03s1b.gif
2003.05.10 14:59 B D:\ph2120\scans\e03s1c.gif <-- IWeb /murdock/ph2120/scans e03s1c.gif
2003.05.10 14:59 B D:\ph2120\scans\e03s1d.gif <-- IWeb /murdock/ph2120/scans e03s1d.gif
2003.05.10 14:59 B D:\ph2120\scans\e03s1e.gif <-- IWeb /murdock/ph2120/scans e03s1e.gif
2003.05.10 14:59 B D:\ph2120\scans\e03s2a.gif <-- IWeb /murdock/ph2120/scans e03s2a.gif
2003.05.10 14:59 B D:\ph2120\scans\e03s2b.gif <-- IWeb /murdock/ph2120/scans e03s2b.gif
2003.05.10 14:59 B D:\ph2120\scans\e03s2c.gif <-- IWeb /murdock/ph2120/scans e03s2c.gif
2003.05.10 14:59 B D:\ph2120\scans\e03s2d.gif <-- IWeb /murdock/ph2120/scans e03s2d.gif
2003.05.10 14:59 B D:\ph2120\scans\e03s2e.gif <-- IWeb /murdock/ph2120/scans e03s2e.gif
2003.05.10 14:59 B D:\ph2120\scans\e03s2f.gif <-- IWeb /murdock/ph2120/scans e03s2f.gif
2003.05.10 14:59 B D:\ph2120\scans\e03s2g.gif <-- IWeb /murdock/ph2120/scans e03s2g.gif
2003.05.10 14:59 B D:\ph2120\scans\e03s3a.gif <-- IWeb /murdock/ph2120/scans e03s3a.gif
2003.05.10 14:59 B D:\ph2120\scans\e03s3b.gif <-- IWeb /murdock/ph2120/scans e03s3b.gif
2003.05.10 14:59 B D:\ph2120\scans\e03s3c.gif <-- IWeb /murdock/ph2120/scans e03s3c.gif
2003.05.10 14:59 B D:\ph2120\scans\e03s3d.gif <-- IWeb /murdock/ph2120/scans e03s3d.gif
2003.05.10 14:59 B D:\ph2120\scans\e03s3e.gif <-- IWeb /murdock/ph2120/scans e03s3e.gif
2003.05.10 14:59 B D:\ph2120\scans\e03s3f.gif <-- IWeb /murdock/ph2120/scans e03s3f.gif
2003.05.10 14:59 B D:\ph2120\scans\e03s3g.gif <-- IWeb /murdock/ph2120/scans e03s3g.gif
2003.05.30 13:01 B D:\ph2120\scans\e03s1a.gif --> iweb.tntech.edu /Murdock/ph2120/scans e03s1a.gif
2003.05.30 13:01 B D:\ph2120\scans\e03s1b.gif --> iweb.tntech.edu /Murdock/ph2120/scans e03s1b.gif
2003.05.30 13:01 B D:\ph2120\scans\e03s1c.gif --> iweb.tntech.edu /Murdock/ph2120/scans e03s1c.gif
2003.05.30 13:01 B D:\ph2120\scans\e03s1d.gif --> iweb.tntech.edu /Murdock/ph2120/scans e03s1d.gif
2003.05.30 13:01 B D:\ph2120\scans\e03s1e.gif --> iweb.tntech.edu /Murdock/ph2120/scans e03s1e.gif
2003.05.30 13:01 B D:\ph2120\scans\e03s1f.gif --> iweb.tntech.edu /Murdock/ph2120/scans e03s1f.gif
2003.05.30 13:01 B D:\ph2120\scans\e03s2a.gif --> iweb.tntech.edu /Murdock/ph2120/scans e03s2a.gif
2003.05.30 13:01 B D:\ph2120\scans\e03s2b.gif --> iweb.tntech.edu /Murdock/ph2120/scans e03s2b.gif
2003.05.30 13:01 B D:\ph2120\scans\e03s2c.gif --> iweb.tntech.edu /Murdock/ph2120/scans e03s2c.gif
2003.05.30 13:01 B D:\ph2120\scans\e03s2d.gif --> iweb.tntech.edu /Murdock/ph2120/scans e03s2d.gif
2003.05.30 13:01 B D:\ph2120\scans\e03s2e.gif --> iweb.tntech.edu /Murdock/ph2120/scans e03s2e.gif
2003.05.30 13:01 B D:\ph2120\scans\e03s2f.gif --> iweb.tntech.edu /Murdock/ph2120/scans e03s2f.gif
2003.05.30 13:01 B D:\ph2120\scans\e03s2g.gif --> iweb.tntech.edu /Murdock/ph2120/scans e03s2g.gif
2003.05.30 13:01 B D:\ph2120\scans\e03s3a.gif --> iweb.tntech.edu /Murdock/ph2120/scans e03s3a.gif
2003.05.30 13:01 B D:\ph2120\scans\e03s3b.gif --> iweb.tntech.edu /Murdock/ph2120/scans e03s3b.gif
2003.05.30 13:01 B D:\ph2120\scans\e03s3c.gif --> iweb.tntech.edu /Murdock/ph2120/scans e03s3c.gif
2003.05.30 13:01 B D:\ph2120\scans\e03s3d.gif --> iweb.tntech.edu /Murdock/ph2120/scans e03s3d.gif
2003.05.30 13:01 B D:\ph2120\scans\e03s3e.gif --> iweb.tntech.edu /Murdock/ph2120/scans e03s3e.gif
2003.05.30 13:01 B D:\ph2120\scans\e03s3f.gif --> iweb.tntech.edu /Murdock/ph2120/scans e03s3f.gif
2003.05.30 13:01 B D:\ph2120\scans\e03s3g.gif --> iweb.tntech.edu /Murdock/ph2120/scans e03s3g.gif
2003.05.30 13:01 B D:\ph2120\scans\q03s1a.jpg --> iweb.tntech.edu /Murdock/ph2120/scans q03s1a.jpg
2003.05.30 13:01 B D:\ph2120\scans\q03s1b.jpg --> iweb.tntech.edu /Murdock/ph2120/scans q03s1b.jpg
2003.05.30 13:01 B D:\ph2120\scans\q03s2a.jpg --> iweb.tntech.edu /Murdock/ph2120/scans q03s2a.jpg
2003.05.30 13:01 B D:\ph2120\scans\q03s2b.jpg --> iweb.tntech.edu /Murdock/ph2120/scans q03s2b.jpg
2003.05.30 13:01 B D:\ph2120\scans\q03s3a.jpg --> iweb.tntech.edu /Murdock/ph2120/scans q03s3a.jpg
2003.05.30 13:01 B D:\ph2120\scans\q03s3b.jpg --> iweb.tntech.edu /Murdock/ph2120/scans q03s3b.jpg
2003.05.30 13:01 B D:\ph2120\scans\q03s4a.jpg --> iweb.tntech.edu /Murdock/ph2120/scans q03s4a.jpg
2003.05.30 13:01 B D:\ph2120\scans\q03s4b.jpg --> iweb.tntech.edu /Murdock/ph2120/scans q03s4b.jpg
2003.05.30 13:01 B D:\ph2120\scans\q03s5a.jpg --> iweb.tntech.edu /Murdock/ph2120/scans q03s5a.jpg
2003.05.30 13:01 B D:\ph2120\scans\q03s5b.jpg --> iweb.tntech.edu /Murdock/ph2120/scans q03s5b.jpg
