2003.04.30 17:52 B D:\books\bookv3.pdf <-- IWeb /murdock/books bookv3.pdf
2003.04.30 17:52 B D:\books\bookv5.pdf <-- IWeb /murdock/books bookv5.pdf
2003.04.30 17:52 B D:\books\PreSci.pdf <-- IWeb /murdock/books PreSci.pdf
2003.04.30 17:52 B D:\books\PreSci.Zip <-- IWeb /murdock/books PreSci.Zip
2003.04.30 17:52 B D:\books\v1chap0.pdf <-- IWeb /murdock/books v1chap0.pdf
2003.04.30 17:52 B D:\books\v1chap1.pdf <-- IWeb /murdock/books v1chap1.pdf
2003.04.30 17:52 B D:\books\v1chap2.pdf <-- IWeb /murdock/books v1chap2.pdf
2003.04.30 17:52 B D:\books\v1chap3.pdf <-- IWeb /murdock/books v1chap3.pdf
2003.04.30 17:52 B D:\books\v1chap4.pdf <-- IWeb /murdock/books v1chap4.pdf
2003.04.30 17:52 B D:\books\v1chap5.pdf <-- IWeb /murdock/books v1chap5.pdf
2003.04.30 17:52 B D:\books\v1chap6.pdf <-- IWeb /murdock/books v1chap6.pdf
2003.04.30 17:52 B D:\books\v1chap7.pdf <-- IWeb /murdock/books v1chap7.pdf
2003.04.30 17:52 B D:\books\v2chap0.pdf <-- IWeb /murdock/books v2chap0.pdf
2003.04.30 17:52 B D:\books\v2chap1.pdf <-- IWeb /murdock/books v2chap1.pdf
2003.04.30 17:52 B D:\books\v2chap2.pdf <-- IWeb /murdock/books v2chap2.pdf
2003.04.30 17:52 B D:\books\v2chap3.pdf <-- IWeb /murdock/books v2chap3.pdf
2003.04.30 17:53 B D:\books\v2chap4.pdf <-- IWeb /murdock/books v2chap4.pdf
2003.04.30 17:53 B D:\books\v2chap5.pdf <-- IWeb /murdock/books v2chap5.pdf
2003.04.30 17:53 B D:\books\v2chap6.pdf <-- IWeb /murdock/books v2chap6.pdf
2003.04.30 17:53 B D:\books\v4chap0.pdf <-- IWeb /murdock/books v4chap0.pdf
2003.04.30 17:53 B D:\books\v4chap1.pdf <-- IWeb /murdock/books v4chap1.pdf
2003.04.30 17:53 B D:\books\v4chap2.pdf <-- IWeb /murdock/books v4chap2.pdf
2003.04.30 17:53 B D:\books\v4chap3.pdf <-- IWeb /murdock/books v4chap3.pdf
2003.04.30 17:53 B D:\books\v4chap4.pdf <-- IWeb /murdock/books v4chap4.pdf
2003.04.30 17:53 B D:\books\v4chap5.pdf <-- IWeb /murdock/books v4chap5.pdf
2003.05.30 12:55 B D:\books\bookv3.pdf --> iweb.tntech.edu /Murdock/books bookv3.pdf
2003.05.30 12:55 B D:\books\bookv5.pdf --> iweb.tntech.edu /Murdock/books bookv5.pdf
2003.05.30 12:55 B D:\books\PreSci.pdf --> iweb.tntech.edu /Murdock/books PreSci.pdf
2003.05.30 12:55 B D:\books\PreSci.Zip --> iweb.tntech.edu /Murdock/books PreSci.Zip
2003.05.30 12:55 B D:\books\v1chap0.pdf --> iweb.tntech.edu /Murdock/books v1chap0.pdf
2003.05.30 12:55 B D:\books\v1chap1.pdf --> iweb.tntech.edu /Murdock/books v1chap1.pdf
2003.05.30 12:55 B D:\books\v1chap2.pdf --> iweb.tntech.edu /Murdock/books v1chap2.pdf
2003.05.30 12:55 B D:\books\v1chap3.pdf --> iweb.tntech.edu /Murdock/books v1chap3.pdf
2003.05.30 12:55 B D:\books\v1chap4.pdf --> iweb.tntech.edu /Murdock/books v1chap4.pdf
2003.05.30 12:55 B D:\books\v1chap5.pdf --> iweb.tntech.edu /Murdock/books v1chap5.pdf
2003.05.30 12:55 B D:\books\v1chap6.pdf --> iweb.tntech.edu /Murdock/books v1chap6.pdf
2003.05.30 12:55 B D:\books\v1chap7.pdf --> iweb.tntech.edu /Murdock/books v1chap7.pdf
2003.05.30 12:55 B D:\books\v2chap0.pdf --> iweb.tntech.edu /Murdock/books v2chap0.pdf
2003.05.30 12:55 B D:\books\v2chap1.pdf --> iweb.tntech.edu /Murdock/books v2chap1.pdf
2003.05.30 12:55 B D:\books\v2chap2.pdf --> iweb.tntech.edu /Murdock/books v2chap2.pdf
2003.05.30 12:55 B D:\books\v2chap3.pdf --> iweb.tntech.edu /Murdock/books v2chap3.pdf
2003.05.30 12:55 B D:\books\v2chap4.pdf --> iweb.tntech.edu /Murdock/books v2chap4.pdf
2003.05.30 12:55 B D:\books\v2chap5.pdf --> iweb.tntech.edu /Murdock/books v2chap5.pdf
2003.05.30 12:55 B D:\books\v2chap6.pdf --> iweb.tntech.edu /Murdock/books v2chap6.pdf
2003.05.30 12:55 B D:\books\v4chap0.pdf --> iweb.tntech.edu /Murdock/books v4chap0.pdf
2003.05.30 12:55 B D:\books\v4chap1.pdf --> iweb.tntech.edu /Murdock/books v4chap1.pdf
2003.05.30 12:55 B D:\books\v4chap2.pdf --> iweb.tntech.edu /Murdock/books v4chap2.pdf
2003.05.30 12:55 B D:\books\v4chap3.pdf --> iweb.tntech.edu /Murdock/books v4chap3.pdf
2003.05.30 12:55 B D:\books\v4chap4.pdf --> iweb.tntech.edu /Murdock/books v4chap4.pdf
2003.05.30 12:55 B D:\books\v4chap5.pdf --> iweb.tntech.edu /Murdock/books v4chap5.pdf
