2003.04.30 17:56 B D:\ph2120\background.jpg <-- IWeb /murdock/ph2120 background.jpg
2003.04.30 17:56 B D:\ph2120\EXAM.WAV <-- IWeb /murdock/ph2120 EXAM.WAV
2003.04.30 17:56 B D:\ph2120\Exam2Eq.pdf <-- IWeb /murdock/ph2120 Exam2Eq.pdf
2003.04.30 17:56 B D:\ph2120\EXAM3.WAV <-- IWeb /murdock/ph2120 EXAM3.WAV
2003.04.30 17:56 B D:\ph2120\hints.pdf <-- IWeb /murdock/ph2120 hints.pdf
2003.04.30 17:56 B D:\ph2120\PH2120.HTML <-- IWeb /murdock/ph2120 PH2120.HTML
2003.04.30 17:56 B D:\ph2120\PH2120DOC.HTML <-- IWeb /murdock/ph2120 PH2120DOC.HTML
2003.04.30 17:56 B D:\ph2120\PH2120LEC.HTML <-- IWeb /murdock/ph2120 PH2120LEC.HTML
2003.04.30 17:56 B D:\ph2120\PH2120pity.HTML <-- IWeb /murdock/ph2120 PH2120pity.HTML
2003.04.30 17:56 B D:\ph2120\PH2120SYL.HTML <-- IWeb /murdock/ph2120 PH2120SYL.HTML
2003.05.10 15:00 B D:\ph2120\PH2120DOC.HTML <-- IWeb /murdock/ph2120 PH2120DOC.HTML
2003.05.10 15:00 B D:\ph2120\PH2120pity.HTML <-- IWeb /murdock/ph2120 PH2120pity.HTML
2003.05.30 13:01 B D:\ph2120\background.jpg --> iweb.tntech.edu /Murdock/ph2120 background.jpg
2003.05.30 13:01 B D:\ph2120\EXAM.WAV --> iweb.tntech.edu /Murdock/ph2120 EXAM.WAV
2003.05.30 13:01 B D:\ph2120\Exam2Eq.pdf --> iweb.tntech.edu /Murdock/ph2120 Exam2Eq.pdf
2003.05.30 13:01 B D:\ph2120\EXAM3.WAV --> iweb.tntech.edu /Murdock/ph2120 EXAM3.WAV
2003.05.30 13:01 B D:\ph2120\hints.pdf --> iweb.tntech.edu /Murdock/ph2120 hints.pdf
2003.05.30 13:01 B D:\ph2120\PH2120.HTML --> iweb.tntech.edu /Murdock/ph2120 PH2120.HTML
2003.05.30 13:01 B D:\ph2120\PH2120DOC.HTML --> iweb.tntech.edu /Murdock/ph2120 PH2120DOC.HTML
2003.05.30 13:01 B D:\ph2120\PH2120LEC.HTML --> iweb.tntech.edu /Murdock/ph2120 PH2120LEC.HTML
2003.05.30 13:01 B D:\ph2120\PH2120pity.HTML --> iweb.tntech.edu /Murdock/ph2120 PH2120pity.HTML
2003.05.30 13:01 B D:\ph2120\PH2120SYL.HTML --> iweb.tntech.edu /Murdock/ph2120 PH2120SYL.HTML
