2003.04.30 17:52 B D:\as1020\_vti_cnf\AS1020.HTML <-- IWeb /murdock/as1020/_vti_cnf AS1020.HTML
2003.04.30 17:52 B D:\as1020\_vti_cnf\AS1020DOC.HTML <-- IWeb /murdock/as1020/_vti_cnf AS1020DOC.HTML
2003.04.30 17:52 B D:\as1020\_vti_cnf\AS1020LEC.HTML <-- IWeb /murdock/as1020/_vti_cnf AS1020LEC.HTML
2003.04.30 17:52 B D:\as1020\_vti_cnf\AS1020SYL.HTML <-- IWeb /murdock/as1020/_vti_cnf AS1020SYL.HTML
2003.04.30 17:52 B D:\as1020\_vti_cnf\astr1soln.pdf <-- IWeb /murdock/as1020/_vti_cnf astr1soln.pdf
2003.04.30 17:52 B D:\as1020\_vti_cnf\astrset1.pdf <-- IWeb /murdock/as1020/_vti_cnf astrset1.pdf
2003.04.30 17:52 B D:\as1020\_vti_cnf\exam.wav <-- IWeb /murdock/as1020/_vti_cnf exam.wav
2003.04.30 17:52 B D:\as1020\_vti_cnf\exam3.wav <-- IWeb /murdock/as1020/_vti_cnf exam3.wav
2003.04.30 17:52 B D:\as1020\_vti_cnf\MURDOCK1.JPG <-- IWeb /murdock/as1020/_vti_cnf MURDOCK1.JPG
2003.04.30 17:52 B D:\as1020\_vti_cnf\neutstar.wav <-- IWeb /murdock/as1020/_vti_cnf neutstar.wav
2003.04.30 17:52 B D:\as1020\_vti_cnf\probset1.pdf <-- IWeb /murdock/as1020/_vti_cnf probset1.pdf
2003.04.30 17:52 B D:\as1020\_vti_cnf\probset2.pdf <-- IWeb /murdock/as1020/_vti_cnf probset2.pdf
2003.04.30 17:52 B D:\as1020\_vti_cnf\ps1ans.pdf <-- IWeb /murdock/as1020/_vti_cnf ps1ans.pdf
2003.04.30 17:52 B D:\as1020\_vti_cnf\SUN1.GIF <-- IWeb /murdock/as1020/_vti_cnf SUN1.GIF
2003.04.30 17:52 B D:\as1020\_vti_cnf\sun1.mid <-- IWeb /murdock/as1020/_vti_cnf sun1.mid
2003.05.30 12:52 B D:\as1020\_vti_cnf\AS1020.HTML --> iweb.tntech.edu /Murdock/as1010/Windows Update Setup Files/as1020/_vti_cnf AS1020.HTML
2003.05.30 12:52 B D:\as1020\_vti_cnf\AS1020DOC.HTML --> iweb.tntech.edu /Murdock/as1010/Windows Update Setup Files/as1020/_vti_cnf AS1020DOC.HTML
2003.05.30 12:52 B D:\as1020\_vti_cnf\AS1020LEC.HTML --> iweb.tntech.edu /Murdock/as1010/Windows Update Setup Files/as1020/_vti_cnf AS1020LEC.HTML
2003.05.30 12:52 B D:\as1020\_vti_cnf\AS1020SYL.HTML --> iweb.tntech.edu /Murdock/as1010/Windows Update Setup Files/as1020/_vti_cnf AS1020SYL.HTML
2003.05.30 12:52 B D:\as1020\_vti_cnf\astr1soln.pdf --> iweb.tntech.edu /Murdock/as1010/Windows Update Setup Files/as1020/_vti_cnf astr1soln.pdf
2003.05.30 12:52 B D:\as1020\_vti_cnf\astrset1.pdf --> iweb.tntech.edu /Murdock/as1010/Windows Update Setup Files/as1020/_vti_cnf astrset1.pdf
2003.05.30 12:52 B D:\as1020\_vti_cnf\exam.wav --> iweb.tntech.edu /Murdock/as1010/Windows Update Setup Files/as1020/_vti_cnf exam.wav
2003.05.30 12:52 B D:\as1020\_vti_cnf\exam3.wav --> iweb.tntech.edu /Murdock/as1010/Windows Update Setup Files/as1020/_vti_cnf exam3.wav
2003.05.30 12:52 B D:\as1020\_vti_cnf\MURDOCK1.JPG --> iweb.tntech.edu /Murdock/as1010/Windows Update Setup Files/as1020/_vti_cnf MURDOCK1.JPG
2003.05.30 12:52 B D:\as1020\_vti_cnf\neutstar.wav --> iweb.tntech.edu /Murdock/as1010/Windows Update Setup Files/as1020/_vti_cnf neutstar.wav
2003.05.30 12:52 B D:\as1020\_vti_cnf\probset1.pdf --> iweb.tntech.edu /Murdock/as1010/Windows Update Setup Files/as1020/_vti_cnf probset1.pdf
2003.05.30 12:52 B D:\as1020\_vti_cnf\probset2.pdf --> iweb.tntech.edu /Murdock/as1010/Windows Update Setup Files/as1020/_vti_cnf probset2.pdf
2003.05.30 12:52 B D:\as1020\_vti_cnf\ps1ans.pdf --> iweb.tntech.edu /Murdock/as1010/Windows Update Setup Files/as1020/_vti_cnf ps1ans.pdf
2003.05.30 12:52 B D:\as1020\_vti_cnf\SUN1.GIF --> iweb.tntech.edu /Murdock/as1010/Windows Update Setup Files/as1020/_vti_cnf SUN1.GIF
2003.05.30 12:52 B D:\as1020\_vti_cnf\sun1.mid --> iweb.tntech.edu /Murdock/as1010/Windows Update Setup Files/as1020/_vti_cnf sun1.mid
2003.05.30 12:52 B D:\as1020\_vti_cnf\WS_FTP.LOG --> iweb.tntech.edu /Murdock/as1010/Windows Update Setup Files/as1020/_vti_cnf WS_FTP.LOG
2003.05.30 12:54 B D:\as1020\_vti_cnf\AS1020.HTML --> iweb.tntech.edu /Murdock/as1020/_vti_cnf AS1020.HTML
2003.05.30 12:54 B D:\as1020\_vti_cnf\AS1020DOC.HTML --> iweb.tntech.edu /Murdock/as1020/_vti_cnf AS1020DOC.HTML
2003.05.30 12:54 B D:\as1020\_vti_cnf\AS1020LEC.HTML --> iweb.tntech.edu /Murdock/as1020/_vti_cnf AS1020LEC.HTML
2003.05.30 12:54 B D:\as1020\_vti_cnf\AS1020SYL.HTML --> iweb.tntech.edu /Murdock/as1020/_vti_cnf AS1020SYL.HTML
2003.05.30 12:54 B D:\as1020\_vti_cnf\astr1soln.pdf --> iweb.tntech.edu /Murdock/as1020/_vti_cnf astr1soln.pdf
2003.05.30 12:54 B D:\as1020\_vti_cnf\astrset1.pdf --> iweb.tntech.edu /Murdock/as1020/_vti_cnf astrset1.pdf
2003.05.30 12:54 B D:\as1020\_vti_cnf\exam.wav --> iweb.tntech.edu /Murdock/as1020/_vti_cnf exam.wav
2003.05.30 12:54 B D:\as1020\_vti_cnf\exam3.wav --> iweb.tntech.edu /Murdock/as1020/_vti_cnf exam3.wav
2003.05.30 12:54 B D:\as1020\_vti_cnf\MURDOCK1.JPG --> iweb.tntech.edu /Murdock/as1020/_vti_cnf MURDOCK1.JPG
2003.05.30 12:54 B D:\as1020\_vti_cnf\neutstar.wav --> iweb.tntech.edu /Murdock/as1020/_vti_cnf neutstar.wav
2003.05.30 12:54 B D:\as1020\_vti_cnf\probset1.pdf --> iweb.tntech.edu /Murdock/as1020/_vti_cnf probset1.pdf
2003.05.30 12:54 B D:\as1020\_vti_cnf\probset2.pdf --> iweb.tntech.edu /Murdock/as1020/_vti_cnf probset2.pdf
2003.05.30 12:54 B D:\as1020\_vti_cnf\ps1ans.pdf --> iweb.tntech.edu /Murdock/as1020/_vti_cnf ps1ans.pdf
2003.05.30 12:54 B D:\as1020\_vti_cnf\SUN1.GIF --> iweb.tntech.edu /Murdock/as1020/_vti_cnf SUN1.GIF
2003.05.30 12:54 B D:\as1020\_vti_cnf\sun1.mid --> iweb.tntech.edu /Murdock/as1020/_vti_cnf sun1.mid
