2003.04.30 17:52 B D:\books\_vti_cnf\bookv3.pdf <-- IWeb /murdock/books/_vti_cnf bookv3.pdf
2003.04.30 17:52 B D:\books\_vti_cnf\bookv5.pdf <-- IWeb /murdock/books/_vti_cnf bookv5.pdf
2003.04.30 17:52 B D:\books\_vti_cnf\presci.pdf <-- IWeb /murdock/books/_vti_cnf presci.pdf
2003.04.30 17:52 B D:\books\_vti_cnf\presci.zip <-- IWeb /murdock/books/_vti_cnf presci.zip
2003.04.30 17:52 B D:\books\_vti_cnf\v1chap0.pdf <-- IWeb /murdock/books/_vti_cnf v1chap0.pdf
2003.04.30 17:52 B D:\books\_vti_cnf\v1chap1.pdf <-- IWeb /murdock/books/_vti_cnf v1chap1.pdf
2003.04.30 17:52 B D:\books\_vti_cnf\v1chap2.pdf <-- IWeb /murdock/books/_vti_cnf v1chap2.pdf
2003.04.30 17:52 B D:\books\_vti_cnf\v1chap3.pdf <-- IWeb /murdock/books/_vti_cnf v1chap3.pdf
2003.04.30 17:52 B D:\books\_vti_cnf\v1chap4.pdf <-- IWeb /murdock/books/_vti_cnf v1chap4.pdf
2003.04.30 17:52 B D:\books\_vti_cnf\v1chap5.pdf <-- IWeb /murdock/books/_vti_cnf v1chap5.pdf
2003.04.30 17:52 B D:\books\_vti_cnf\v1chap6.pdf <-- IWeb /murdock/books/_vti_cnf v1chap6.pdf
2003.04.30 17:52 B D:\books\_vti_cnf\v1chap7.pdf <-- IWeb /murdock/books/_vti_cnf v1chap7.pdf
2003.04.30 17:52 B D:\books\_vti_cnf\v2chap0.pdf <-- IWeb /murdock/books/_vti_cnf v2chap0.pdf
2003.04.30 17:52 B D:\books\_vti_cnf\v2chap1.pdf <-- IWeb /murdock/books/_vti_cnf v2chap1.pdf
2003.04.30 17:52 B D:\books\_vti_cnf\v2chap2.pdf <-- IWeb /murdock/books/_vti_cnf v2chap2.pdf
2003.04.30 17:52 B D:\books\_vti_cnf\v2chap3.pdf <-- IWeb /murdock/books/_vti_cnf v2chap3.pdf
2003.04.30 17:52 B D:\books\_vti_cnf\v2chap4.pdf <-- IWeb /murdock/books/_vti_cnf v2chap4.pdf
2003.04.30 17:52 B D:\books\_vti_cnf\v2chap5.pdf <-- IWeb /murdock/books/_vti_cnf v2chap5.pdf
2003.04.30 17:52 B D:\books\_vti_cnf\v2chap6.pdf <-- IWeb /murdock/books/_vti_cnf v2chap6.pdf
2003.04.30 17:52 B D:\books\_vti_cnf\v4chap0.pdf <-- IWeb /murdock/books/_vti_cnf v4chap0.pdf
2003.04.30 17:52 B D:\books\_vti_cnf\v4chap1.pdf <-- IWeb /murdock/books/_vti_cnf v4chap1.pdf
2003.04.30 17:52 B D:\books\_vti_cnf\v4chap2.pdf <-- IWeb /murdock/books/_vti_cnf v4chap2.pdf
2003.04.30 17:52 B D:\books\_vti_cnf\v4chap3.pdf <-- IWeb /murdock/books/_vti_cnf v4chap3.pdf
2003.04.30 17:52 B D:\books\_vti_cnf\v4chap4.pdf <-- IWeb /murdock/books/_vti_cnf v4chap4.pdf
2003.04.30 17:52 B D:\books\_vti_cnf\v4chap5.pdf <-- IWeb /murdock/books/_vti_cnf v4chap5.pdf
2003.05.30 12:55 B D:\books\_vti_cnf\bookv3.pdf --> iweb.tntech.edu /Murdock/books/_vti_cnf bookv3.pdf
2003.05.30 12:55 B D:\books\_vti_cnf\bookv5.pdf --> iweb.tntech.edu /Murdock/books/_vti_cnf bookv5.pdf
2003.05.30 12:55 B D:\books\_vti_cnf\presci.pdf --> iweb.tntech.edu /Murdock/books/_vti_cnf presci.pdf
2003.05.30 12:55 B D:\books\_vti_cnf\presci.zip --> iweb.tntech.edu /Murdock/books/_vti_cnf presci.zip
2003.05.30 12:55 B D:\books\_vti_cnf\v1chap0.pdf --> iweb.tntech.edu /Murdock/books/_vti_cnf v1chap0.pdf
2003.05.30 12:55 B D:\books\_vti_cnf\v1chap1.pdf --> iweb.tntech.edu /Murdock/books/_vti_cnf v1chap1.pdf
2003.05.30 12:55 B D:\books\_vti_cnf\v1chap2.pdf --> iweb.tntech.edu /Murdock/books/_vti_cnf v1chap2.pdf
2003.05.30 12:55 B D:\books\_vti_cnf\v1chap3.pdf --> iweb.tntech.edu /Murdock/books/_vti_cnf v1chap3.pdf
2003.05.30 12:55 B D:\books\_vti_cnf\v1chap4.pdf --> iweb.tntech.edu /Murdock/books/_vti_cnf v1chap4.pdf
2003.05.30 12:55 B D:\books\_vti_cnf\v1chap5.pdf --> iweb.tntech.edu /Murdock/books/_vti_cnf v1chap5.pdf
2003.05.30 12:55 B D:\books\_vti_cnf\v1chap6.pdf --> iweb.tntech.edu /Murdock/books/_vti_cnf v1chap6.pdf
2003.05.30 12:55 B D:\books\_vti_cnf\v1chap7.pdf --> iweb.tntech.edu /Murdock/books/_vti_cnf v1chap7.pdf
2003.05.30 12:55 B D:\books\_vti_cnf\v2chap0.pdf --> iweb.tntech.edu /Murdock/books/_vti_cnf v2chap0.pdf
2003.05.30 12:55 B D:\books\_vti_cnf\v2chap1.pdf --> iweb.tntech.edu /Murdock/books/_vti_cnf v2chap1.pdf
2003.05.30 12:55 B D:\books\_vti_cnf\v2chap2.pdf --> iweb.tntech.edu /Murdock/books/_vti_cnf v2chap2.pdf
2003.05.30 12:55 B D:\books\_vti_cnf\v2chap3.pdf --> iweb.tntech.edu /Murdock/books/_vti_cnf v2chap3.pdf
2003.05.30 12:55 B D:\books\_vti_cnf\v2chap4.pdf --> iweb.tntech.edu /Murdock/books/_vti_cnf v2chap4.pdf
2003.05.30 12:55 B D:\books\_vti_cnf\v2chap5.pdf --> iweb.tntech.edu /Murdock/books/_vti_cnf v2chap5.pdf
2003.05.30 12:55 B D:\books\_vti_cnf\v2chap6.pdf --> iweb.tntech.edu /Murdock/books/_vti_cnf v2chap6.pdf
2003.05.30 12:55 B D:\books\_vti_cnf\v4chap0.pdf --> iweb.tntech.edu /Murdock/books/_vti_cnf v4chap0.pdf
2003.05.30 12:55 B D:\books\_vti_cnf\v4chap1.pdf --> iweb.tntech.edu /Murdock/books/_vti_cnf v4chap1.pdf
2003.05.30 12:55 B D:\books\_vti_cnf\v4chap2.pdf --> iweb.tntech.edu /Murdock/books/_vti_cnf v4chap2.pdf
2003.05.30 12:55 B D:\books\_vti_cnf\v4chap3.pdf --> iweb.tntech.edu /Murdock/books/_vti_cnf v4chap3.pdf
2003.05.30 12:55 B D:\books\_vti_cnf\v4chap4.pdf --> iweb.tntech.edu /Murdock/books/_vti_cnf v4chap4.pdf
2003.05.30 12:55 B D:\books\_vti_cnf\v4chap5.pdf --> iweb.tntech.edu /Murdock/books/_vti_cnf v4chap5.pdf
