2003.04.30 17:52 B D:\as1010\AS1010.HTML <-- IWeb /murdock/as1010 AS1010.HTML
2003.04.30 17:52 B D:\as1010\AS1010DOC.HTML <-- IWeb /murdock/as1010 AS1010DOC.HTML
2003.04.30 17:52 B D:\as1010\AS1010LEC.HTML <-- IWeb /murdock/as1010 AS1010LEC.HTML
2003.04.30 17:52 B D:\as1010\AS1010SYL.HTML <-- IWeb /murdock/as1010 AS1010SYL.HTML
2003.04.30 17:52 B D:\as1010\EQMAGIC.GIF <-- IWeb /murdock/as1010 EQMAGIC.GIF
2003.04.30 17:52 B D:\as1010\MARS.MID <-- IWeb /murdock/as1010 MARS.MID
2003.04.30 17:52 B D:\as1010\MURDOCK1.JPG <-- IWeb /murdock/as1010 MURDOCK1.JPG
2003.04.30 17:52 B D:\as1010\NEUTSTAR.WAV <-- IWeb /murdock/as1010 NEUTSTAR.WAV
2003.04.30 17:52 B D:\as1010\Probset1.pdf <-- IWeb /murdock/as1010 Probset1.pdf
2003.04.30 17:52 B D:\as1010\Probset2.pdf <-- IWeb /murdock/as1010 Probset2.pdf
2003.04.30 17:52 B D:\as1010\Probset3.pdf <-- IWeb /murdock/as1010 Probset3.pdf
2003.04.30 17:52 B D:\as1010\Probset4.pdf <-- IWeb /murdock/as1010 Probset4.pdf
2003.04.30 17:52 B D:\as1010\Probset5.pdf <-- IWeb /murdock/as1010 Probset5.pdf
2003.04.30 17:52 B D:\as1010\Probset6.pdf <-- IWeb /murdock/as1010 Probset6.pdf
2003.04.30 17:52 B D:\as1010\Ps1soln.pdf <-- IWeb /murdock/as1010 Ps1soln.pdf
2003.04.30 17:52 B D:\as1010\Ps2soln.pdf <-- IWeb /murdock/as1010 Ps2soln.pdf
2003.04.30 17:52 B D:\as1010\Ps3soln.pdf <-- IWeb /murdock/as1010 Ps3soln.pdf
2003.04.30 17:52 B D:\as1010\Ps5soln.pdf <-- IWeb /murdock/as1010 Ps5soln.pdf
2003.04.30 17:52 B D:\as1010\SOJROCK.JPG <-- IWeb /murdock/as1010 SOJROCK.JPG
2003.05.30 12:51 B D:\as1010\AS1010.HTML --> iweb.tntech.edu /Murdock/as1010 AS1010.HTML
2003.05.30 12:51 B D:\as1010\AS1010DOC.HTML --> iweb.tntech.edu /Murdock/as1010 AS1010DOC.HTML
2003.05.30 12:51 B D:\as1010\AS1010LEC.HTML --> iweb.tntech.edu /Murdock/as1010 AS1010LEC.HTML
2003.05.30 12:51 B D:\as1010\AS1010SYL.HTML --> iweb.tntech.edu /Murdock/as1010 AS1010SYL.HTML
2003.05.30 12:51 B D:\as1010\EQMAGIC.GIF --> iweb.tntech.edu /Murdock/as1010 EQMAGIC.GIF
2003.05.30 12:51 B D:\as1010\MARS.MID --> iweb.tntech.edu /Murdock/as1010 MARS.MID
2003.05.30 12:51 B D:\as1010\MURDOCK1.JPG --> iweb.tntech.edu /Murdock/as1010 MURDOCK1.JPG
2003.05.30 12:51 B D:\as1010\NEUTSTAR.WAV --> iweb.tntech.edu /Murdock/as1010 NEUTSTAR.WAV
2003.05.30 12:51 B D:\as1010\Probset1.pdf --> iweb.tntech.edu /Murdock/as1010 Probset1.pdf
2003.05.30 12:51 B D:\as1010\Probset2.pdf --> iweb.tntech.edu /Murdock/as1010 Probset2.pdf
2003.05.30 12:51 B D:\as1010\Probset3.pdf --> iweb.tntech.edu /Murdock/as1010 Probset3.pdf
2003.05.30 12:51 B D:\as1010\Probset4.pdf --> iweb.tntech.edu /Murdock/as1010 Probset4.pdf
2003.05.30 12:51 B D:\as1010\Probset5.pdf --> iweb.tntech.edu /Murdock/as1010 Probset5.pdf
2003.05.30 12:51 B D:\as1010\Probset6.pdf --> iweb.tntech.edu /Murdock/as1010 Probset6.pdf
2003.05.30 12:51 B D:\as1010\Ps1soln.pdf --> iweb.tntech.edu /Murdock/as1010 Ps1soln.pdf
2003.05.30 12:51 B D:\as1010\Ps2soln.pdf --> iweb.tntech.edu /Murdock/as1010 Ps2soln.pdf
2003.05.30 12:51 B D:\as1010\Ps3soln.pdf --> iweb.tntech.edu /Murdock/as1010 Ps3soln.pdf
2003.05.30 12:51 B D:\as1010\Ps5soln.pdf --> iweb.tntech.edu /Murdock/as1010 Ps5soln.pdf
2003.05.30 12:51 B D:\as1010\SOJROCK.JPG --> iweb.tntech.edu /Murdock/as1010 SOJROCK.JPG
