2003.04.30 17:54 B D:\ph2020\_vti_cnf\EXAM.WAV <-- IWeb /murdock/ph2020/_vti_cnf EXAM.WAV
2003.04.30 17:54 B D:\ph2020\_vti_cnf\EXAM3.WAV <-- IWeb /murdock/ph2020/_vti_cnf EXAM3.WAV
2003.04.30 17:54 B D:\ph2020\_vti_cnf\hints.pdf <-- IWeb /murdock/ph2020/_vti_cnf hints.pdf
2003.04.30 17:54 B D:\ph2020\_vti_cnf\Ipity.wav <-- IWeb /murdock/ph2020/_vti_cnf Ipity.wav
2003.04.30 17:54 B D:\ph2020\_vti_cnf\Lesson.wav <-- IWeb /murdock/ph2020/_vti_cnf Lesson.wav
2003.04.30 17:54 B D:\ph2020\_vti_cnf\light.mid <-- IWeb /murdock/ph2020/_vti_cnf light.mid
2003.04.30 17:54 B D:\ph2020\_vti_cnf\magnetic.mid <-- IWeb /murdock/ph2020/_vti_cnf magnetic.mid
2003.04.30 17:54 B D:\ph2020\_vti_cnf\pain.wav <-- IWeb /murdock/ph2020/_vti_cnf pain.wav
2003.04.30 17:54 B D:\ph2020\_vti_cnf\PH2020.HTML <-- IWeb /murdock/ph2020/_vti_cnf PH2020.HTML
2003.04.30 17:54 B D:\ph2020\_vti_cnf\PH2020DOC.HTML <-- IWeb /murdock/ph2020/_vti_cnf PH2020DOC.HTML
2003.04.30 17:54 B D:\ph2020\_vti_cnf\PH2020L.HTML <-- IWeb /murdock/ph2020/_vti_cnf PH2020L.HTML
2003.04.30 17:54 B D:\ph2020\_vti_cnf\ph2020lec.html <-- IWeb /murdock/ph2020/_vti_cnf ph2020lec.html
2003.04.30 17:54 B D:\ph2020\_vti_cnf\ph2020pity.html <-- IWeb /murdock/ph2020/_vti_cnf ph2020pity.html
2003.04.30 17:54 B D:\ph2020\_vti_cnf\PH2020SYL.HTML <-- IWeb /murdock/ph2020/_vti_cnf PH2020SYL.HTML
2003.04.30 17:54 B D:\ph2020\_vti_cnf\PoundYou.wav <-- IWeb /murdock/ph2020/_vti_cnf PoundYou.wav
2003.05.30 12:59 B D:\ph2020\_vti_cnf\EXAM.WAV --> iweb.tntech.edu /Murdock/ph2020/_vti_cnf EXAM.WAV
2003.05.30 12:59 B D:\ph2020\_vti_cnf\EXAM3.WAV --> iweb.tntech.edu /Murdock/ph2020/_vti_cnf EXAM3.WAV
2003.05.30 12:59 B D:\ph2020\_vti_cnf\hints.pdf --> iweb.tntech.edu /Murdock/ph2020/_vti_cnf hints.pdf
2003.05.30 12:59 B D:\ph2020\_vti_cnf\Ipity.wav --> iweb.tntech.edu /Murdock/ph2020/_vti_cnf Ipity.wav
2003.05.30 12:59 B D:\ph2020\_vti_cnf\Lesson.wav --> iweb.tntech.edu /Murdock/ph2020/_vti_cnf Lesson.wav
2003.05.30 12:59 B D:\ph2020\_vti_cnf\light.mid --> iweb.tntech.edu /Murdock/ph2020/_vti_cnf light.mid
2003.05.30 12:59 B D:\ph2020\_vti_cnf\magnetic.mid --> iweb.tntech.edu /Murdock/ph2020/_vti_cnf magnetic.mid
2003.05.30 12:59 B D:\ph2020\_vti_cnf\pain.wav --> iweb.tntech.edu /Murdock/ph2020/_vti_cnf pain.wav
2003.05.30 12:59 B D:\ph2020\_vti_cnf\PH2020.HTML --> iweb.tntech.edu /Murdock/ph2020/_vti_cnf PH2020.HTML
2003.05.30 12:59 B D:\ph2020\_vti_cnf\PH2020DOC.HTML --> iweb.tntech.edu /Murdock/ph2020/_vti_cnf PH2020DOC.HTML
2003.05.30 12:59 B D:\ph2020\_vti_cnf\PH2020L.HTML --> iweb.tntech.edu /Murdock/ph2020/_vti_cnf PH2020L.HTML
2003.05.30 12:59 B D:\ph2020\_vti_cnf\ph2020lec.html --> iweb.tntech.edu /Murdock/ph2020/_vti_cnf ph2020lec.html
2003.05.30 12:59 B D:\ph2020\_vti_cnf\ph2020pity.html --> iweb.tntech.edu /Murdock/ph2020/_vti_cnf ph2020pity.html
2003.05.30 12:59 B D:\ph2020\_vti_cnf\PH2020SYL.HTML --> iweb.tntech.edu /Murdock/ph2020/_vti_cnf PH2020SYL.HTML
2003.05.30 12:59 B D:\ph2020\_vti_cnf\PoundYou.wav --> iweb.tntech.edu /Murdock/ph2020/_vti_cnf PoundYou.wav
