2003.04.30 17:55 B D:\ph2020\EXAM.WAV <-- IWeb /murdock/ph2020 EXAM.WAV
2003.04.30 17:55 B D:\ph2020\EXAM3.WAV <-- IWeb /murdock/ph2020 EXAM3.WAV
2003.04.30 17:55 B D:\ph2020\hints.pdf <-- IWeb /murdock/ph2020 hints.pdf
2003.04.30 17:55 B D:\ph2020\Ipity.wav <-- IWeb /murdock/ph2020 Ipity.wav
2003.04.30 17:55 B D:\ph2020\Lesson.wav <-- IWeb /murdock/ph2020 Lesson.wav
2003.04.30 17:55 B D:\ph2020\LIGHT.MID <-- IWeb /murdock/ph2020 LIGHT.MID
2003.04.30 17:55 B D:\ph2020\MAGNETIC.MID <-- IWeb /murdock/ph2020 MAGNETIC.MID
2003.04.30 17:55 B D:\ph2020\pain.wav <-- IWeb /murdock/ph2020 pain.wav
2003.04.30 17:55 B D:\ph2020\PH2020.HTML <-- IWeb /murdock/ph2020 PH2020.HTML
2003.04.30 17:55 B D:\ph2020\PH2020DOC.HTML <-- IWeb /murdock/ph2020 PH2020DOC.HTML
2003.04.30 17:55 B D:\ph2020\PH2020L.HTML <-- IWeb /murdock/ph2020 PH2020L.HTML
2003.04.30 17:55 B D:\ph2020\PH2020LEC.HTML <-- IWeb /murdock/ph2020 PH2020LEC.HTML
2003.04.30 17:55 B D:\ph2020\PH2020pity.HTML <-- IWeb /murdock/ph2020 PH2020pity.HTML
2003.04.30 17:55 B D:\ph2020\PH2020SYL.HTML <-- IWeb /murdock/ph2020 PH2020SYL.HTML
2003.04.30 17:55 B D:\ph2020\PoundYou.wav <-- IWeb /murdock/ph2020 PoundYou.wav
2003.05.30 13:00 B D:\ph2020\EXAM.WAV --> iweb.tntech.edu /Murdock/ph2020 EXAM.WAV
2003.05.30 13:00 B D:\ph2020\EXAM3.WAV --> iweb.tntech.edu /Murdock/ph2020 EXAM3.WAV
2003.05.30 13:00 B D:\ph2020\hints.pdf --> iweb.tntech.edu /Murdock/ph2020 hints.pdf
2003.05.30 13:00 B D:\ph2020\Ipity.wav --> iweb.tntech.edu /Murdock/ph2020 Ipity.wav
2003.05.30 13:00 B D:\ph2020\Lesson.wav --> iweb.tntech.edu /Murdock/ph2020 Lesson.wav
2003.05.30 13:00 B D:\ph2020\LIGHT.MID --> iweb.tntech.edu /Murdock/ph2020 LIGHT.MID
2003.05.30 13:00 B D:\ph2020\MAGNETIC.MID --> iweb.tntech.edu /Murdock/ph2020 MAGNETIC.MID
2003.05.30 13:00 B D:\ph2020\pain.wav --> iweb.tntech.edu /Murdock/ph2020 pain.wav
2003.05.30 13:00 B D:\ph2020\PH2020.HTML --> iweb.tntech.edu /Murdock/ph2020 PH2020.HTML
2003.05.30 13:00 B D:\ph2020\PH2020DOC.HTML --> iweb.tntech.edu /Murdock/ph2020 PH2020DOC.HTML
2003.05.30 13:00 B D:\ph2020\PH2020L.HTML --> iweb.tntech.edu /Murdock/ph2020 PH2020L.HTML
2003.05.30 13:00 B D:\ph2020\PH2020LEC.HTML --> iweb.tntech.edu /Murdock/ph2020 PH2020LEC.HTML
2003.05.30 13:00 B D:\ph2020\PH2020pity.HTML --> iweb.tntech.edu /Murdock/ph2020 PH2020pity.HTML
2003.05.30 13:00 B D:\ph2020\PH2020SYL.HTML --> iweb.tntech.edu /Murdock/ph2020 PH2020SYL.HTML
2003.05.30 13:00 B D:\ph2020\PoundYou.wav --> iweb.tntech.edu /Murdock/ph2020 PoundYou.wav
