2003.04.30 17:54 B D:\ph2020\scans\_vti_cnf\e01f1a.gif <-- IWeb /murdock/ph2020/scans/_vti_cnf e01f1a.gif
2003.04.30 17:54 B D:\ph2020\scans\_vti_cnf\e01f1b.gif <-- IWeb /murdock/ph2020/scans/_vti_cnf e01f1b.gif
2003.04.30 17:54 B D:\ph2020\scans\_vti_cnf\e01f1c.gif <-- IWeb /murdock/ph2020/scans/_vti_cnf e01f1c.gif
2003.04.30 17:54 B D:\ph2020\scans\_vti_cnf\e01f1d.gif <-- IWeb /murdock/ph2020/scans/_vti_cnf e01f1d.gif
2003.04.30 17:54 B D:\ph2020\scans\_vti_cnf\e01f1e.gif <-- IWeb /murdock/ph2020/scans/_vti_cnf e01f1e.gif
2003.04.30 17:54 B D:\ph2020\scans\_vti_cnf\e01f1f.gif <-- IWeb /murdock/ph2020/scans/_vti_cnf e01f1f.gif
2003.04.30 17:54 B D:\ph2020\scans\_vti_cnf\e01f2a.gif <-- IWeb /murdock/ph2020/scans/_vti_cnf e01f2a.gif
2003.04.30 17:54 B D:\ph2020\scans\_vti_cnf\e01f2b.gif <-- IWeb /murdock/ph2020/scans/_vti_cnf e01f2b.gif
2003.04.30 17:54 B D:\ph2020\scans\_vti_cnf\e01f2c.gif <-- IWeb /murdock/ph2020/scans/_vti_cnf e01f2c.gif
2003.04.30 17:54 B D:\ph2020\scans\_vti_cnf\e01f2d.gif <-- IWeb /murdock/ph2020/scans/_vti_cnf e01f2d.gif
2003.04.30 17:54 B D:\ph2020\scans\_vti_cnf\e01f2e.gif <-- IWeb /murdock/ph2020/scans/_vti_cnf e01f2e.gif
2003.04.30 17:54 B D:\ph2020\scans\_vti_cnf\e01f2f.gif <-- IWeb /murdock/ph2020/scans/_vti_cnf e01f2f.gif
2003.04.30 17:54 B D:\ph2020\scans\_vti_cnf\e01f2g.gif <-- IWeb /murdock/ph2020/scans/_vti_cnf e01f2g.gif
2003.04.30 17:54 B D:\ph2020\scans\_vti_cnf\e01f3a.jpg <-- IWeb /murdock/ph2020/scans/_vti_cnf e01f3a.jpg
2003.04.30 17:54 B D:\ph2020\scans\_vti_cnf\e01f3b.jpg <-- IWeb /murdock/ph2020/scans/_vti_cnf e01f3b.jpg
2003.04.30 17:54 B D:\ph2020\scans\_vti_cnf\e01f3c.jpg <-- IWeb /murdock/ph2020/scans/_vti_cnf e01f3c.jpg
2003.04.30 17:54 B D:\ph2020\scans\_vti_cnf\e01f3d.jpg <-- IWeb /murdock/ph2020/scans/_vti_cnf e01f3d.jpg
2003.04.30 17:54 B D:\ph2020\scans\_vti_cnf\e01f3e.jpg <-- IWeb /murdock/ph2020/scans/_vti_cnf e01f3e.jpg
2003.04.30 17:54 B D:\ph2020\scans\_vti_cnf\e01f3f.jpg <-- IWeb /murdock/ph2020/scans/_vti_cnf e01f3f.jpg
2003.04.30 17:54 B D:\ph2020\scans\_vti_cnf\e01f3g.jpg <-- IWeb /murdock/ph2020/scans/_vti_cnf e01f3g.jpg
2003.04.30 17:54 B D:\ph2020\scans\_vti_cnf\e01f3h.jpg <-- IWeb /murdock/ph2020/scans/_vti_cnf e01f3h.jpg
2003.04.30 17:54 B D:\ph2020\scans\_vti_cnf\e02f1a.jpg <-- IWeb /murdock/ph2020/scans/_vti_cnf e02f1a.jpg
2003.04.30 17:54 B D:\ph2020\scans\_vti_cnf\e02f1b.jpg <-- IWeb /murdock/ph2020/scans/_vti_cnf e02f1b.jpg
2003.04.30 17:54 B D:\ph2020\scans\_vti_cnf\e02f1c.jpg <-- IWeb /murdock/ph2020/scans/_vti_cnf e02f1c.jpg
2003.04.30 17:54 B D:\ph2020\scans\_vti_cnf\e02f1d.jpg <-- IWeb /murdock/ph2020/scans/_vti_cnf e02f1d.jpg
2003.04.30 17:54 B D:\ph2020\scans\_vti_cnf\e02f1e.jpg <-- IWeb /murdock/ph2020/scans/_vti_cnf e02f1e.jpg
2003.04.30 17:54 B D:\ph2020\scans\_vti_cnf\e02f1f.jpg <-- IWeb /murdock/ph2020/scans/_vti_cnf e02f1f.jpg
2003.04.30 17:54 B D:\ph2020\scans\_vti_cnf\e02f1g.jpg <-- IWeb /murdock/ph2020/scans/_vti_cnf e02f1g.jpg
2003.04.30 17:54 B D:\ph2020\scans\_vti_cnf\e02f1h.jpg <-- IWeb /murdock/ph2020/scans/_vti_cnf e02f1h.jpg
2003.04.30 17:54 B D:\ph2020\scans\_vti_cnf\e02f2a.jpg <-- IWeb /murdock/ph2020/scans/_vti_cnf e02f2a.jpg
2003.04.30 17:54 B D:\ph2020\scans\_vti_cnf\e02f2b.jpg <-- IWeb /murdock/ph2020/scans/_vti_cnf e02f2b.jpg
2003.04.30 17:54 B D:\ph2020\scans\_vti_cnf\e02f2c.jpg <-- IWeb /murdock/ph2020/scans/_vti_cnf e02f2c.jpg
2003.04.30 17:54 B D:\ph2020\scans\_vti_cnf\e02f2d.jpg <-- IWeb /murdock/ph2020/scans/_vti_cnf e02f2d.jpg
2003.04.30 17:54 B D:\ph2020\scans\_vti_cnf\e02f2e.jpg <-- IWeb /murdock/ph2020/scans/_vti_cnf e02f2e.jpg
2003.04.30 17:54 B D:\ph2020\scans\_vti_cnf\e02f2f.jpg <-- IWeb /murdock/ph2020/scans/_vti_cnf e02f2f.jpg
2003.04.30 17:54 B D:\ph2020\scans\_vti_cnf\e02f2g.jpg <-- IWeb /murdock/ph2020/scans/_vti_cnf e02f2g.jpg
2003.04.30 17:54 B D:\ph2020\scans\_vti_cnf\e02f2h.jpg <-- IWeb /murdock/ph2020/scans/_vti_cnf e02f2h.jpg
2003.04.30 17:54 B D:\ph2020\scans\_vti_cnf\e02f3a.jpg <-- IWeb /murdock/ph2020/scans/_vti_cnf e02f3a.jpg
2003.04.30 17:54 B D:\ph2020\scans\_vti_cnf\e02f3b.jpg <-- IWeb /murdock/ph2020/scans/_vti_cnf e02f3b.jpg
2003.04.30 17:54 B D:\ph2020\scans\_vti_cnf\e02f3c.jpg <-- IWeb /murdock/ph2020/scans/_vti_cnf e02f3c.jpg
2003.04.30 17:54 B D:\ph2020\scans\_vti_cnf\e02f3d.jpg <-- IWeb /murdock/ph2020/scans/_vti_cnf e02f3d.jpg
2003.04.30 17:54 B D:\ph2020\scans\_vti_cnf\e02f3e.jpg <-- IWeb /murdock/ph2020/scans/_vti_cnf e02f3e.jpg
2003.04.30 17:54 B D:\ph2020\scans\_vti_cnf\e02f3f.jpg <-- IWeb /murdock/ph2020/scans/_vti_cnf e02f3f.jpg
2003.04.30 17:54 B D:\ph2020\scans\_vti_cnf\e02f3g.jpg <-- IWeb /murdock/ph2020/scans/_vti_cnf e02f3g.jpg
2003.04.30 17:54 B D:\ph2020\scans\_vti_cnf\e02f3h.jpg <-- IWeb /murdock/ph2020/scans/_vti_cnf e02f3h.jpg
2003.04.30 17:54 B D:\ph2020\scans\_vti_cnf\e02f3i.jpg <-- IWeb /murdock/ph2020/scans/_vti_cnf e02f3i.jpg
2003.04.30 17:54 B D:\ph2020\scans\_vti_cnf\e02s1a.jpg <-- IWeb /murdock/ph2020/scans/_vti_cnf e02s1a.jpg
2003.04.30 17:54 B D:\ph2020\scans\_vti_cnf\e02s1b.jpg <-- IWeb /murdock/ph2020/scans/_vti_cnf e02s1b.jpg
2003.04.30 17:54 B D:\ph2020\scans\_vti_cnf\e02s1c.jpg <-- IWeb /murdock/ph2020/scans/_vti_cnf e02s1c.jpg
2003.04.30 17:54 B D:\ph2020\scans\_vti_cnf\e02s1d.jpg <-- IWeb /murdock/ph2020/scans/_vti_cnf e02s1d.jpg
2003.04.30 17:54 B D:\ph2020\scans\_vti_cnf\e02s1e.jpg <-- IWeb /murdock/ph2020/scans/_vti_cnf e02s1e.jpg
2003.04.30 17:54 B D:\ph2020\scans\_vti_cnf\e02s1f.jpg <-- IWeb /murdock/ph2020/scans/_vti_cnf e02s1f.jpg
2003.04.30 17:54 B D:\ph2020\scans\_vti_cnf\e02s1g.jpg <-- IWeb /murdock/ph2020/scans/_vti_cnf e02s1g.jpg
2003.04.30 17:54 B D:\ph2020\scans\_vti_cnf\e02s1h.jpg <-- IWeb /murdock/ph2020/scans/_vti_cnf e02s1h.jpg
2003.04.30 17:54 B D:\ph2020\scans\_vti_cnf\e02s2a.jpg <-- IWeb /murdock/ph2020/scans/_vti_cnf e02s2a.jpg
2003.04.30 17:54 B D:\ph2020\scans\_vti_cnf\e02s2b.jpg <-- IWeb /murdock/ph2020/scans/_vti_cnf e02s2b.jpg
2003.04.30 17:54 B D:\ph2020\scans\_vti_cnf\e02s2c.jpg <-- IWeb /murdock/ph2020/scans/_vti_cnf e02s2c.jpg
2003.04.30 17:54 B D:\ph2020\scans\_vti_cnf\e02s2d.jpg <-- IWeb /murdock/ph2020/scans/_vti_cnf e02s2d.jpg
2003.04.30 17:54 B D:\ph2020\scans\_vti_cnf\e02s2e.jpg <-- IWeb /murdock/ph2020/scans/_vti_cnf e02s2e.jpg
2003.04.30 17:54 B D:\ph2020\scans\_vti_cnf\e02s2f.jpg <-- IWeb /murdock/ph2020/scans/_vti_cnf e02s2f.jpg
2003.04.30 17:54 B D:\ph2020\scans\_vti_cnf\e02s2g.jpg <-- IWeb /murdock/ph2020/scans/_vti_cnf e02s2g.jpg
2003.04.30 17:54 B D:\ph2020\scans\_vti_cnf\e02s2h.jpg <-- IWeb /murdock/ph2020/scans/_vti_cnf e02s2h.jpg
2003.04.30 17:54 B D:\ph2020\scans\_vti_cnf\e02s3a.jpg <-- IWeb /murdock/ph2020/scans/_vti_cnf e02s3a.jpg
2003.04.30 17:54 B D:\ph2020\scans\_vti_cnf\e02s3b.jpg <-- IWeb /murdock/ph2020/scans/_vti_cnf e02s3b.jpg
2003.04.30 17:54 B D:\ph2020\scans\_vti_cnf\e02s3c.jpg <-- IWeb /murdock/ph2020/scans/_vti_cnf e02s3c.jpg
2003.04.30 17:54 B D:\ph2020\scans\_vti_cnf\e02s3d.jpg <-- IWeb /murdock/ph2020/scans/_vti_cnf e02s3d.jpg
2003.04.30 17:54 B D:\ph2020\scans\_vti_cnf\e02s3e.jpg <-- IWeb /murdock/ph2020/scans/_vti_cnf e02s3e.jpg
2003.04.30 17:54 B D:\ph2020\scans\_vti_cnf\e02s3f.jpg <-- IWeb /murdock/ph2020/scans/_vti_cnf e02s3f.jpg
2003.04.30 17:54 B D:\ph2020\scans\_vti_cnf\e02s3g.jpg <-- IWeb /murdock/ph2020/scans/_vti_cnf e02s3g.jpg
2003.04.30 17:54 B D:\ph2020\scans\_vti_cnf\e02s3h.jpg <-- IWeb /murdock/ph2020/scans/_vti_cnf e02s3h.jpg
2003.04.30 17:54 B D:\ph2020\scans\_vti_cnf\e02s3i.jpg <-- IWeb /murdock/ph2020/scans/_vti_cnf e02s3i.jpg
2003.04.30 17:54 B D:\ph2020\scans\_vti_cnf\q01f1a.gif <-- IWeb /murdock/ph2020/scans/_vti_cnf q01f1a.gif
2003.04.30 17:54 B D:\ph2020\scans\_vti_cnf\q01f2a.gif <-- IWeb /murdock/ph2020/scans/_vti_cnf q01f2a.gif
2003.04.30 17:54 B D:\ph2020\scans\_vti_cnf\q01f2b.gif <-- IWeb /murdock/ph2020/scans/_vti_cnf q01f2b.gif
2003.04.30 17:54 B D:\ph2020\scans\_vti_cnf\q01f3a.gif <-- IWeb /murdock/ph2020/scans/_vti_cnf q01f3a.gif
2003.04.30 17:54 B D:\ph2020\scans\_vti_cnf\q01f3b.gif <-- IWeb /murdock/ph2020/scans/_vti_cnf q01f3b.gif
2003.04.30 17:54 B D:\ph2020\scans\_vti_cnf\q01f4a.gif <-- IWeb /murdock/ph2020/scans/_vti_cnf q01f4a.gif
2003.04.30 17:54 B D:\ph2020\scans\_vti_cnf\q01f4b.gif <-- IWeb /murdock/ph2020/scans/_vti_cnf q01f4b.gif
2003.04.30 17:54 B D:\ph2020\scans\_vti_cnf\q02f1a.jpg <-- IWeb /murdock/ph2020/scans/_vti_cnf q02f1a.jpg
2003.04.30 17:54 B D:\ph2020\scans\_vti_cnf\q02f1b.jpg <-- IWeb /murdock/ph2020/scans/_vti_cnf q02f1b.jpg
2003.04.30 17:54 B D:\ph2020\scans\_vti_cnf\q02f2a.jpg <-- IWeb /murdock/ph2020/scans/_vti_cnf q02f2a.jpg
2003.04.30 17:54 B D:\ph2020\scans\_vti_cnf\q02f2b.jpg <-- IWeb /murdock/ph2020/scans/_vti_cnf q02f2b.jpg
2003.04.30 17:54 B D:\ph2020\scans\_vti_cnf\q02f3a.jpg <-- IWeb /murdock/ph2020/scans/_vti_cnf q02f3a.jpg
2003.04.30 17:54 B D:\ph2020\scans\_vti_cnf\q02f3b.jpg <-- IWeb /murdock/ph2020/scans/_vti_cnf q02f3b.jpg
2003.04.30 17:54 B D:\ph2020\scans\_vti_cnf\q02f4a.jpg <-- IWeb /murdock/ph2020/scans/_vti_cnf q02f4a.jpg
2003.04.30 17:54 B D:\ph2020\scans\_vti_cnf\q02f4b.jpg <-- IWeb /murdock/ph2020/scans/_vti_cnf q02f4b.jpg
2003.04.30 17:54 B D:\ph2020\scans\_vti_cnf\q02f5a.jpg <-- IWeb /murdock/ph2020/scans/_vti_cnf q02f5a.jpg
2003.04.30 17:54 B D:\ph2020\scans\_vti_cnf\q02f5b.jpg <-- IWeb /murdock/ph2020/scans/_vti_cnf q02f5b.jpg
2003.04.30 17:54 B D:\ph2020\scans\_vti_cnf\q02s1a.jpg <-- IWeb /murdock/ph2020/scans/_vti_cnf q02s1a.jpg
2003.04.30 17:54 B D:\ph2020\scans\_vti_cnf\q02s1b.jpg <-- IWeb /murdock/ph2020/scans/_vti_cnf q02s1b.jpg
2003.04.30 17:54 B D:\ph2020\scans\_vti_cnf\q02s2a.jpg <-- IWeb /murdock/ph2020/scans/_vti_cnf q02s2a.jpg
2003.04.30 17:54 B D:\ph2020\scans\_vti_cnf\q02s2b.jpg <-- IWeb /murdock/ph2020/scans/_vti_cnf q02s2b.jpg
2003.04.30 17:54 B D:\ph2020\scans\_vti_cnf\q02s3a.jpg <-- IWeb /murdock/ph2020/scans/_vti_cnf q02s3a.jpg
2003.04.30 17:54 B D:\ph2020\scans\_vti_cnf\q02s3b.jpg <-- IWeb /murdock/ph2020/scans/_vti_cnf q02s3b.jpg
2003.04.30 17:54 B D:\ph2020\scans\_vti_cnf\q02s4a.jpg <-- IWeb /murdock/ph2020/scans/_vti_cnf q02s4a.jpg
2003.04.30 17:54 B D:\ph2020\scans\_vti_cnf\q02s4b.jpg <-- IWeb /murdock/ph2020/scans/_vti_cnf q02s4b.jpg
2003.04.30 17:54 B D:\ph2020\scans\_vti_cnf\q02s5a.jpg <-- IWeb /murdock/ph2020/scans/_vti_cnf q02s5a.jpg
2003.04.30 17:54 B D:\ph2020\scans\_vti_cnf\q02s5b.jpg <-- IWeb /murdock/ph2020/scans/_vti_cnf q02s5b.jpg
2003.04.30 17:54 B D:\ph2020\scans\_vti_cnf\q02ss1a.jpg <-- IWeb /murdock/ph2020/scans/_vti_cnf q02ss1a.jpg
2003.04.30 17:54 B D:\ph2020\scans\_vti_cnf\q02ss1b.jpg <-- IWeb /murdock/ph2020/scans/_vti_cnf q02ss1b.jpg
2003.04.30 17:54 B D:\ph2020\scans\_vti_cnf\q02ss2a.jpg <-- IWeb /murdock/ph2020/scans/_vti_cnf q02ss2a.jpg
2003.04.30 17:54 B D:\ph2020\scans\_vti_cnf\q02ss2b.jpg <-- IWeb /murdock/ph2020/scans/_vti_cnf q02ss2b.jpg
2003.04.30 17:54 B D:\ph2020\scans\_vti_cnf\q02ss3a.jpg <-- IWeb /murdock/ph2020/scans/_vti_cnf q02ss3a.jpg
2003.04.30 17:54 B D:\ph2020\scans\_vti_cnf\q02ss3b.jpg <-- IWeb /murdock/ph2020/scans/_vti_cnf q02ss3b.jpg
2003.04.30 17:54 B D:\ph2020\scans\_vti_cnf\q02ss4a.jpg <-- IWeb /murdock/ph2020/scans/_vti_cnf q02ss4a.jpg
2003.04.30 17:54 B D:\ph2020\scans\_vti_cnf\q02ss4b.jpg <-- IWeb /murdock/ph2020/scans/_vti_cnf q02ss4b.jpg
2003.04.30 17:54 B D:\ph2020\scans\_vti_cnf\q02ss5a.jpg <-- IWeb /murdock/ph2020/scans/_vti_cnf q02ss5a.jpg
2003.04.30 17:54 B D:\ph2020\scans\_vti_cnf\q02ss5b.jpg <-- IWeb /murdock/ph2020/scans/_vti_cnf q02ss5b.jpg
2003.04.30 17:54 B D:\ph2020\scans\_vti_cnf\q98s1a.jpg <-- IWeb /murdock/ph2020/scans/_vti_cnf q98s1a.jpg
2003.04.30 17:54 B D:\ph2020\scans\_vti_cnf\q98s1b.jpg <-- IWeb /murdock/ph2020/scans/_vti_cnf q98s1b.jpg
2003.04.30 17:54 B D:\ph2020\scans\_vti_cnf\q98s2a.jpg <-- IWeb /murdock/ph2020/scans/_vti_cnf q98s2a.jpg
2003.04.30 17:54 B D:\ph2020\scans\_vti_cnf\q98s2b.jpg <-- IWeb /murdock/ph2020/scans/_vti_cnf q98s2b.jpg
2003.04.30 17:54 B D:\ph2020\scans\_vti_cnf\q98s3a.jpg <-- IWeb /murdock/ph2020/scans/_vti_cnf q98s3a.jpg
2003.04.30 17:54 B D:\ph2020\scans\_vti_cnf\q98s3b.jpg <-- IWeb /murdock/ph2020/scans/_vti_cnf q98s3b.jpg
2003.04.30 17:54 B D:\ph2020\scans\_vti_cnf\q98s4a.jpg <-- IWeb /murdock/ph2020/scans/_vti_cnf q98s4a.jpg
2003.04.30 17:54 B D:\ph2020\scans\_vti_cnf\q98s4b.jpg <-- IWeb /murdock/ph2020/scans/_vti_cnf q98s4b.jpg
2003.04.30 17:54 B D:\ph2020\scans\_vti_cnf\q98s5a.jpg <-- IWeb /murdock/ph2020/scans/_vti_cnf q98s5a.jpg
2003.04.30 17:54 B D:\ph2020\scans\_vti_cnf\q98s5b.jpg <-- IWeb /murdock/ph2020/scans/_vti_cnf q98s5b.jpg
2003.04.30 17:54 B D:\ph2020\scans\_vti_cnf\q98s6a.jpg <-- IWeb /murdock/ph2020/scans/_vti_cnf q98s6a.jpg
2003.04.30 17:54 B D:\ph2020\scans\_vti_cnf\q98s6b.jpg <-- IWeb /murdock/ph2020/scans/_vti_cnf q98s6b.jpg
2003.04.30 17:54 B D:\ph2020\scans\_vti_cnf\q98ss1a.jpg <-- IWeb /murdock/ph2020/scans/_vti_cnf q98ss1a.jpg
2003.04.30 17:54 B D:\ph2020\scans\_vti_cnf\q98ss1b.jpg <-- IWeb /murdock/ph2020/scans/_vti_cnf q98ss1b.jpg
2003.04.30 17:54 B D:\ph2020\scans\_vti_cnf\q98ss2a.jpg <-- IWeb /murdock/ph2020/scans/_vti_cnf q98ss2a.jpg
2003.04.30 17:54 B D:\ph2020\scans\_vti_cnf\q98ss2b.jpg <-- IWeb /murdock/ph2020/scans/_vti_cnf q98ss2b.jpg
2003.04.30 17:54 B D:\ph2020\scans\_vti_cnf\q98ss3a.jpg <-- IWeb /murdock/ph2020/scans/_vti_cnf q98ss3a.jpg
2003.04.30 17:54 B D:\ph2020\scans\_vti_cnf\q98ss3b.jpg <-- IWeb /murdock/ph2020/scans/_vti_cnf q98ss3b.jpg
2003.04.30 17:54 B D:\ph2020\scans\_vti_cnf\q98ss4a.jpg <-- IWeb /murdock/ph2020/scans/_vti_cnf q98ss4a.jpg
2003.04.30 17:54 B D:\ph2020\scans\_vti_cnf\q98ss4b.jpg <-- IWeb /murdock/ph2020/scans/_vti_cnf q98ss4b.jpg
2003.04.30 17:54 B D:\ph2020\scans\_vti_cnf\q98ss5a.jpg <-- IWeb /murdock/ph2020/scans/_vti_cnf q98ss5a.jpg
2003.04.30 17:54 B D:\ph2020\scans\_vti_cnf\q98ss5b.jpg <-- IWeb /murdock/ph2020/scans/_vti_cnf q98ss5b.jpg
2003.04.30 17:54 B D:\ph2020\scans\_vti_cnf\q98ss6a.jpg <-- IWeb /murdock/ph2020/scans/_vti_cnf q98ss6a.jpg
2003.04.30 17:54 B D:\ph2020\scans\_vti_cnf\q98ss6b.jpg <-- IWeb /murdock/ph2020/scans/_vti_cnf q98ss6b.jpg
2003.05.30 12:59 B D:\ph2020\scans\_vti_cnf\e01f1a.gif --> iweb.tntech.edu /Murdock/ph2020/scans/_vti_cnf e01f1a.gif
2003.05.30 12:59 B D:\ph2020\scans\_vti_cnf\e01f1b.gif --> iweb.tntech.edu /Murdock/ph2020/scans/_vti_cnf e01f1b.gif
2003.05.30 12:59 B D:\ph2020\scans\_vti_cnf\e01f1c.gif --> iweb.tntech.edu /Murdock/ph2020/scans/_vti_cnf e01f1c.gif
2003.05.30 12:59 B D:\ph2020\scans\_vti_cnf\e01f1d.gif --> iweb.tntech.edu /Murdock/ph2020/scans/_vti_cnf e01f1d.gif
2003.05.30 12:59 B D:\ph2020\scans\_vti_cnf\e01f1e.gif --> iweb.tntech.edu /Murdock/ph2020/scans/_vti_cnf e01f1e.gif
2003.05.30 12:59 B D:\ph2020\scans\_vti_cnf\e01f1f.gif --> iweb.tntech.edu /Murdock/ph2020/scans/_vti_cnf e01f1f.gif
2003.05.30 12:59 B D:\ph2020\scans\_vti_cnf\e01f2a.gif --> iweb.tntech.edu /Murdock/ph2020/scans/_vti_cnf e01f2a.gif
2003.05.30 12:59 B D:\ph2020\scans\_vti_cnf\e01f2b.gif --> iweb.tntech.edu /Murdock/ph2020/scans/_vti_cnf e01f2b.gif
2003.05.30 12:59 B D:\ph2020\scans\_vti_cnf\e01f2c.gif --> iweb.tntech.edu /Murdock/ph2020/scans/_vti_cnf e01f2c.gif
2003.05.30 12:59 B D:\ph2020\scans\_vti_cnf\e01f2d.gif --> iweb.tntech.edu /Murdock/ph2020/scans/_vti_cnf e01f2d.gif
2003.05.30 12:59 B D:\ph2020\scans\_vti_cnf\e01f2e.gif --> iweb.tntech.edu /Murdock/ph2020/scans/_vti_cnf e01f2e.gif
2003.05.30 12:59 B D:\ph2020\scans\_vti_cnf\e01f2f.gif --> iweb.tntech.edu /Murdock/ph2020/scans/_vti_cnf e01f2f.gif
2003.05.30 12:59 B D:\ph2020\scans\_vti_cnf\e01f2g.gif --> iweb.tntech.edu /Murdock/ph2020/scans/_vti_cnf e01f2g.gif
2003.05.30 12:59 B D:\ph2020\scans\_vti_cnf\e01f3a.jpg --> iweb.tntech.edu /Murdock/ph2020/scans/_vti_cnf e01f3a.jpg
2003.05.30 12:59 B D:\ph2020\scans\_vti_cnf\e01f3b.jpg --> iweb.tntech.edu /Murdock/ph2020/scans/_vti_cnf e01f3b.jpg
2003.05.30 12:59 B D:\ph2020\scans\_vti_cnf\e01f3c.jpg --> iweb.tntech.edu /Murdock/ph2020/scans/_vti_cnf e01f3c.jpg
2003.05.30 12:59 B D:\ph2020\scans\_vti_cnf\e01f3d.jpg --> iweb.tntech.edu /Murdock/ph2020/scans/_vti_cnf e01f3d.jpg
2003.05.30 12:59 B D:\ph2020\scans\_vti_cnf\e01f3e.jpg --> iweb.tntech.edu /Murdock/ph2020/scans/_vti_cnf e01f3e.jpg
2003.05.30 12:59 B D:\ph2020\scans\_vti_cnf\e01f3f.jpg --> iweb.tntech.edu /Murdock/ph2020/scans/_vti_cnf e01f3f.jpg
2003.05.30 12:59 B D:\ph2020\scans\_vti_cnf\e01f3g.jpg --> iweb.tntech.edu /Murdock/ph2020/scans/_vti_cnf e01f3g.jpg
2003.05.30 12:59 B D:\ph2020\scans\_vti_cnf\e01f3h.jpg --> iweb.tntech.edu /Murdock/ph2020/scans/_vti_cnf e01f3h.jpg
2003.05.30 12:59 B D:\ph2020\scans\_vti_cnf\e02f1a.jpg --> iweb.tntech.edu /Murdock/ph2020/scans/_vti_cnf e02f1a.jpg
2003.05.30 12:59 B D:\ph2020\scans\_vti_cnf\e02f1b.jpg --> iweb.tntech.edu /Murdock/ph2020/scans/_vti_cnf e02f1b.jpg
2003.05.30 12:59 B D:\ph2020\scans\_vti_cnf\e02f1c.jpg --> iweb.tntech.edu /Murdock/ph2020/scans/_vti_cnf e02f1c.jpg
2003.05.30 12:59 B D:\ph2020\scans\_vti_cnf\e02f1d.jpg --> iweb.tntech.edu /Murdock/ph2020/scans/_vti_cnf e02f1d.jpg
2003.05.30 12:59 B D:\ph2020\scans\_vti_cnf\e02f1e.jpg --> iweb.tntech.edu /Murdock/ph2020/scans/_vti_cnf e02f1e.jpg
2003.05.30 12:59 B D:\ph2020\scans\_vti_cnf\e02f1f.jpg --> iweb.tntech.edu /Murdock/ph2020/scans/_vti_cnf e02f1f.jpg
2003.05.30 12:59 B D:\ph2020\scans\_vti_cnf\e02f1g.jpg --> iweb.tntech.edu /Murdock/ph2020/scans/_vti_cnf e02f1g.jpg
2003.05.30 12:59 B D:\ph2020\scans\_vti_cnf\e02f1h.jpg --> iweb.tntech.edu /Murdock/ph2020/scans/_vti_cnf e02f1h.jpg
2003.05.30 12:59 B D:\ph2020\scans\_vti_cnf\e02f2a.jpg --> iweb.tntech.edu /Murdock/ph2020/scans/_vti_cnf e02f2a.jpg
2003.05.30 12:59 B D:\ph2020\scans\_vti_cnf\e02f2b.jpg --> iweb.tntech.edu /Murdock/ph2020/scans/_vti_cnf e02f2b.jpg
2003.05.30 12:59 B D:\ph2020\scans\_vti_cnf\e02f2c.jpg --> iweb.tntech.edu /Murdock/ph2020/scans/_vti_cnf e02f2c.jpg
2003.05.30 12:59 B D:\ph2020\scans\_vti_cnf\e02f2d.jpg --> iweb.tntech.edu /Murdock/ph2020/scans/_vti_cnf e02f2d.jpg
2003.05.30 12:59 B D:\ph2020\scans\_vti_cnf\e02f2e.jpg --> iweb.tntech.edu /Murdock/ph2020/scans/_vti_cnf e02f2e.jpg
2003.05.30 12:59 B D:\ph2020\scans\_vti_cnf\e02f2f.jpg --> iweb.tntech.edu /Murdock/ph2020/scans/_vti_cnf e02f2f.jpg
2003.05.30 12:59 B D:\ph2020\scans\_vti_cnf\e02f2g.jpg --> iweb.tntech.edu /Murdock/ph2020/scans/_vti_cnf e02f2g.jpg
2003.05.30 12:59 B D:\ph2020\scans\_vti_cnf\e02f2h.jpg --> iweb.tntech.edu /Murdock/ph2020/scans/_vti_cnf e02f2h.jpg
2003.05.30 12:59 B D:\ph2020\scans\_vti_cnf\e02f3a.jpg --> iweb.tntech.edu /Murdock/ph2020/scans/_vti_cnf e02f3a.jpg
2003.05.30 12:59 B D:\ph2020\scans\_vti_cnf\e02f3b.jpg --> iweb.tntech.edu /Murdock/ph2020/scans/_vti_cnf e02f3b.jpg
2003.05.30 12:59 B D:\ph2020\scans\_vti_cnf\e02f3c.jpg --> iweb.tntech.edu /Murdock/ph2020/scans/_vti_cnf e02f3c.jpg
2003.05.30 12:59 B D:\ph2020\scans\_vti_cnf\e02f3d.jpg --> iweb.tntech.edu /Murdock/ph2020/scans/_vti_cnf e02f3d.jpg
2003.05.30 12:59 B D:\ph2020\scans\_vti_cnf\e02f3e.jpg --> iweb.tntech.edu /Murdock/ph2020/scans/_vti_cnf e02f3e.jpg
2003.05.30 12:59 B D:\ph2020\scans\_vti_cnf\e02f3f.jpg --> iweb.tntech.edu /Murdock/ph2020/scans/_vti_cnf e02f3f.jpg
2003.05.30 12:59 B D:\ph2020\scans\_vti_cnf\e02f3g.jpg --> iweb.tntech.edu /Murdock/ph2020/scans/_vti_cnf e02f3g.jpg
2003.05.30 12:59 B D:\ph2020\scans\_vti_cnf\e02f3h.jpg --> iweb.tntech.edu /Murdock/ph2020/scans/_vti_cnf e02f3h.jpg
2003.05.30 12:59 B D:\ph2020\scans\_vti_cnf\e02f3i.jpg --> iweb.tntech.edu /Murdock/ph2020/scans/_vti_cnf e02f3i.jpg
2003.05.30 12:59 B D:\ph2020\scans\_vti_cnf\e02s1a.jpg --> iweb.tntech.edu /Murdock/ph2020/scans/_vti_cnf e02s1a.jpg
2003.05.30 12:59 B D:\ph2020\scans\_vti_cnf\e02s1b.jpg --> iweb.tntech.edu /Murdock/ph2020/scans/_vti_cnf e02s1b.jpg
2003.05.30 12:59 B D:\ph2020\scans\_vti_cnf\e02s1c.jpg --> iweb.tntech.edu /Murdock/ph2020/scans/_vti_cnf e02s1c.jpg
2003.05.30 12:59 B D:\ph2020\scans\_vti_cnf\e02s1d.jpg --> iweb.tntech.edu /Murdock/ph2020/scans/_vti_cnf e02s1d.jpg
2003.05.30 12:59 B D:\ph2020\scans\_vti_cnf\e02s1e.jpg --> iweb.tntech.edu /Murdock/ph2020/scans/_vti_cnf e02s1e.jpg
2003.05.30 12:59 B D:\ph2020\scans\_vti_cnf\e02s1f.jpg --> iweb.tntech.edu /Murdock/ph2020/scans/_vti_cnf e02s1f.jpg
2003.05.30 12:59 B D:\ph2020\scans\_vti_cnf\e02s1g.jpg --> iweb.tntech.edu /Murdock/ph2020/scans/_vti_cnf e02s1g.jpg
2003.05.30 12:59 B D:\ph2020\scans\_vti_cnf\e02s1h.jpg --> iweb.tntech.edu /Murdock/ph2020/scans/_vti_cnf e02s1h.jpg
2003.05.30 12:59 B D:\ph2020\scans\_vti_cnf\e02s2a.jpg --> iweb.tntech.edu /Murdock/ph2020/scans/_vti_cnf e02s2a.jpg
2003.05.30 12:59 B D:\ph2020\scans\_vti_cnf\e02s2b.jpg --> iweb.tntech.edu /Murdock/ph2020/scans/_vti_cnf e02s2b.jpg
2003.05.30 12:59 B D:\ph2020\scans\_vti_cnf\e02s2c.jpg --> iweb.tntech.edu /Murdock/ph2020/scans/_vti_cnf e02s2c.jpg
2003.05.30 12:59 B D:\ph2020\scans\_vti_cnf\e02s2d.jpg --> iweb.tntech.edu /Murdock/ph2020/scans/_vti_cnf e02s2d.jpg
2003.05.30 12:59 B D:\ph2020\scans\_vti_cnf\e02s2e.jpg --> iweb.tntech.edu /Murdock/ph2020/scans/_vti_cnf e02s2e.jpg
2003.05.30 12:59 B D:\ph2020\scans\_vti_cnf\e02s2f.jpg --> iweb.tntech.edu /Murdock/ph2020/scans/_vti_cnf e02s2f.jpg
2003.05.30 12:59 B D:\ph2020\scans\_vti_cnf\e02s2g.jpg --> iweb.tntech.edu /Murdock/ph2020/scans/_vti_cnf e02s2g.jpg
2003.05.30 12:59 B D:\ph2020\scans\_vti_cnf\e02s2h.jpg --> iweb.tntech.edu /Murdock/ph2020/scans/_vti_cnf e02s2h.jpg
2003.05.30 12:59 B D:\ph2020\scans\_vti_cnf\e02s3a.jpg --> iweb.tntech.edu /Murdock/ph2020/scans/_vti_cnf e02s3a.jpg
2003.05.30 12:59 B D:\ph2020\scans\_vti_cnf\e02s3b.jpg --> iweb.tntech.edu /Murdock/ph2020/scans/_vti_cnf e02s3b.jpg
2003.05.30 12:59 B D:\ph2020\scans\_vti_cnf\e02s3c.jpg --> iweb.tntech.edu /Murdock/ph2020/scans/_vti_cnf e02s3c.jpg
2003.05.30 12:59 B D:\ph2020\scans\_vti_cnf\e02s3d.jpg --> iweb.tntech.edu /Murdock/ph2020/scans/_vti_cnf e02s3d.jpg
2003.05.30 12:59 B D:\ph2020\scans\_vti_cnf\e02s3e.jpg --> iweb.tntech.edu /Murdock/ph2020/scans/_vti_cnf e02s3e.jpg
2003.05.30 12:59 B D:\ph2020\scans\_vti_cnf\e02s3f.jpg --> iweb.tntech.edu /Murdock/ph2020/scans/_vti_cnf e02s3f.jpg
2003.05.30 12:59 B D:\ph2020\scans\_vti_cnf\e02s3g.jpg --> iweb.tntech.edu /Murdock/ph2020/scans/_vti_cnf e02s3g.jpg
2003.05.30 12:59 B D:\ph2020\scans\_vti_cnf\e02s3h.jpg --> iweb.tntech.edu /Murdock/ph2020/scans/_vti_cnf e02s3h.jpg
2003.05.30 12:59 B D:\ph2020\scans\_vti_cnf\e02s3i.jpg --> iweb.tntech.edu /Murdock/ph2020/scans/_vti_cnf e02s3i.jpg
2003.05.30 12:59 B D:\ph2020\scans\_vti_cnf\q01f1a.gif --> iweb.tntech.edu /Murdock/ph2020/scans/_vti_cnf q01f1a.gif
2003.05.30 12:59 B D:\ph2020\scans\_vti_cnf\q01f2a.gif --> iweb.tntech.edu /Murdock/ph2020/scans/_vti_cnf q01f2a.gif
2003.05.30 12:59 B D:\ph2020\scans\_vti_cnf\q01f2b.gif --> iweb.tntech.edu /Murdock/ph2020/scans/_vti_cnf q01f2b.gif
2003.05.30 12:59 B D:\ph2020\scans\_vti_cnf\q01f3a.gif --> iweb.tntech.edu /Murdock/ph2020/scans/_vti_cnf q01f3a.gif
2003.05.30 12:59 B D:\ph2020\scans\_vti_cnf\q01f3b.gif --> iweb.tntech.edu /Murdock/ph2020/scans/_vti_cnf q01f3b.gif
2003.05.30 12:59 B D:\ph2020\scans\_vti_cnf\q01f4a.gif --> iweb.tntech.edu /Murdock/ph2020/scans/_vti_cnf q01f4a.gif
2003.05.30 12:59 B D:\ph2020\scans\_vti_cnf\q01f4b.gif --> iweb.tntech.edu /Murdock/ph2020/scans/_vti_cnf q01f4b.gif
2003.05.30 12:59 B D:\ph2020\scans\_vti_cnf\q02f1a.jpg --> iweb.tntech.edu /Murdock/ph2020/scans/_vti_cnf q02f1a.jpg
2003.05.30 12:59 B D:\ph2020\scans\_vti_cnf\q02f1b.jpg --> iweb.tntech.edu /Murdock/ph2020/scans/_vti_cnf q02f1b.jpg
2003.05.30 12:59 B D:\ph2020\scans\_vti_cnf\q02f2a.jpg --> iweb.tntech.edu /Murdock/ph2020/scans/_vti_cnf q02f2a.jpg
2003.05.30 12:59 B D:\ph2020\scans\_vti_cnf\q02f2b.jpg --> iweb.tntech.edu /Murdock/ph2020/scans/_vti_cnf q02f2b.jpg
2003.05.30 12:59 B D:\ph2020\scans\_vti_cnf\q02f3a.jpg --> iweb.tntech.edu /Murdock/ph2020/scans/_vti_cnf q02f3a.jpg
2003.05.30 12:59 B D:\ph2020\scans\_vti_cnf\q02f3b.jpg --> iweb.tntech.edu /Murdock/ph2020/scans/_vti_cnf q02f3b.jpg
2003.05.30 12:59 B D:\ph2020\scans\_vti_cnf\q02f4a.jpg --> iweb.tntech.edu /Murdock/ph2020/scans/_vti_cnf q02f4a.jpg
2003.05.30 12:59 B D:\ph2020\scans\_vti_cnf\q02f4b.jpg --> iweb.tntech.edu /Murdock/ph2020/scans/_vti_cnf q02f4b.jpg
2003.05.30 12:59 B D:\ph2020\scans\_vti_cnf\q02f5a.jpg --> iweb.tntech.edu /Murdock/ph2020/scans/_vti_cnf q02f5a.jpg
2003.05.30 12:59 B D:\ph2020\scans\_vti_cnf\q02f5b.jpg --> iweb.tntech.edu /Murdock/ph2020/scans/_vti_cnf q02f5b.jpg
2003.05.30 12:59 B D:\ph2020\scans\_vti_cnf\q02s1a.jpg --> iweb.tntech.edu /Murdock/ph2020/scans/_vti_cnf q02s1a.jpg
2003.05.30 12:59 B D:\ph2020\scans\_vti_cnf\q02s1b.jpg --> iweb.tntech.edu /Murdock/ph2020/scans/_vti_cnf q02s1b.jpg
2003.05.30 12:59 B D:\ph2020\scans\_vti_cnf\q02s2a.jpg --> iweb.tntech.edu /Murdock/ph2020/scans/_vti_cnf q02s2a.jpg
2003.05.30 12:59 B D:\ph2020\scans\_vti_cnf\q02s2b.jpg --> iweb.tntech.edu /Murdock/ph2020/scans/_vti_cnf q02s2b.jpg
2003.05.30 12:59 B D:\ph2020\scans\_vti_cnf\q02s3a.jpg --> iweb.tntech.edu /Murdock/ph2020/scans/_vti_cnf q02s3a.jpg
2003.05.30 12:59 B D:\ph2020\scans\_vti_cnf\q02s3b.jpg --> iweb.tntech.edu /Murdock/ph2020/scans/_vti_cnf q02s3b.jpg
2003.05.30 12:59 B D:\ph2020\scans\_vti_cnf\q02s4a.jpg --> iweb.tntech.edu /Murdock/ph2020/scans/_vti_cnf q02s4a.jpg
2003.05.30 12:59 B D:\ph2020\scans\_vti_cnf\q02s4b.jpg --> iweb.tntech.edu /Murdock/ph2020/scans/_vti_cnf q02s4b.jpg
2003.05.30 12:59 B D:\ph2020\scans\_vti_cnf\q02s5a.jpg --> iweb.tntech.edu /Murdock/ph2020/scans/_vti_cnf q02s5a.jpg
2003.05.30 12:59 B D:\ph2020\scans\_vti_cnf\q02s5b.jpg --> iweb.tntech.edu /Murdock/ph2020/scans/_vti_cnf q02s5b.jpg
2003.05.30 12:59 B D:\ph2020\scans\_vti_cnf\q02ss1a.jpg --> iweb.tntech.edu /Murdock/ph2020/scans/_vti_cnf q02ss1a.jpg
2003.05.30 12:59 B D:\ph2020\scans\_vti_cnf\q02ss1b.jpg --> iweb.tntech.edu /Murdock/ph2020/scans/_vti_cnf q02ss1b.jpg
2003.05.30 12:59 B D:\ph2020\scans\_vti_cnf\q02ss2a.jpg --> iweb.tntech.edu /Murdock/ph2020/scans/_vti_cnf q02ss2a.jpg
2003.05.30 12:59 B D:\ph2020\scans\_vti_cnf\q02ss2b.jpg --> iweb.tntech.edu /Murdock/ph2020/scans/_vti_cnf q02ss2b.jpg
2003.05.30 12:59 B D:\ph2020\scans\_vti_cnf\q02ss3a.jpg --> iweb.tntech.edu /Murdock/ph2020/scans/_vti_cnf q02ss3a.jpg
2003.05.30 12:59 B D:\ph2020\scans\_vti_cnf\q02ss3b.jpg --> iweb.tntech.edu /Murdock/ph2020/scans/_vti_cnf q02ss3b.jpg
2003.05.30 12:59 B D:\ph2020\scans\_vti_cnf\q02ss4a.jpg --> iweb.tntech.edu /Murdock/ph2020/scans/_vti_cnf q02ss4a.jpg
2003.05.30 12:59 B D:\ph2020\scans\_vti_cnf\q02ss4b.jpg --> iweb.tntech.edu /Murdock/ph2020/scans/_vti_cnf q02ss4b.jpg
2003.05.30 12:59 B D:\ph2020\scans\_vti_cnf\q02ss5a.jpg --> iweb.tntech.edu /Murdock/ph2020/scans/_vti_cnf q02ss5a.jpg
2003.05.30 12:59 B D:\ph2020\scans\_vti_cnf\q02ss5b.jpg --> iweb.tntech.edu /Murdock/ph2020/scans/_vti_cnf q02ss5b.jpg
2003.05.30 12:59 B D:\ph2020\scans\_vti_cnf\q98s1a.jpg --> iweb.tntech.edu /Murdock/ph2020/scans/_vti_cnf q98s1a.jpg
2003.05.30 12:59 B D:\ph2020\scans\_vti_cnf\q98s1b.jpg --> iweb.tntech.edu /Murdock/ph2020/scans/_vti_cnf q98s1b.jpg
2003.05.30 12:59 B D:\ph2020\scans\_vti_cnf\q98s2a.jpg --> iweb.tntech.edu /Murdock/ph2020/scans/_vti_cnf q98s2a.jpg
2003.05.30 12:59 B D:\ph2020\scans\_vti_cnf\q98s2b.jpg --> iweb.tntech.edu /Murdock/ph2020/scans/_vti_cnf q98s2b.jpg
2003.05.30 12:59 B D:\ph2020\scans\_vti_cnf\q98s3a.jpg --> iweb.tntech.edu /Murdock/ph2020/scans/_vti_cnf q98s3a.jpg
2003.05.30 12:59 B D:\ph2020\scans\_vti_cnf\q98s3b.jpg --> iweb.tntech.edu /Murdock/ph2020/scans/_vti_cnf q98s3b.jpg
2003.05.30 12:59 B D:\ph2020\scans\_vti_cnf\q98s4a.jpg --> iweb.tntech.edu /Murdock/ph2020/scans/_vti_cnf q98s4a.jpg
2003.05.30 12:59 B D:\ph2020\scans\_vti_cnf\q98s4b.jpg --> iweb.tntech.edu /Murdock/ph2020/scans/_vti_cnf q98s4b.jpg
2003.05.30 12:59 B D:\ph2020\scans\_vti_cnf\q98s5a.jpg --> iweb.tntech.edu /Murdock/ph2020/scans/_vti_cnf q98s5a.jpg
2003.05.30 12:59 B D:\ph2020\scans\_vti_cnf\q98s5b.jpg --> iweb.tntech.edu /Murdock/ph2020/scans/_vti_cnf q98s5b.jpg
2003.05.30 12:59 B D:\ph2020\scans\_vti_cnf\q98s6a.jpg --> iweb.tntech.edu /Murdock/ph2020/scans/_vti_cnf q98s6a.jpg
2003.05.30 12:59 B D:\ph2020\scans\_vti_cnf\q98s6b.jpg --> iweb.tntech.edu /Murdock/ph2020/scans/_vti_cnf q98s6b.jpg
2003.05.30 13:00 B D:\ph2020\scans\_vti_cnf\q98ss1a.jpg --> iweb.tntech.edu /Murdock/ph2020/scans/_vti_cnf q98ss1a.jpg
2003.05.30 13:00 B D:\ph2020\scans\_vti_cnf\q98ss1b.jpg --> iweb.tntech.edu /Murdock/ph2020/scans/_vti_cnf q98ss1b.jpg
2003.05.30 13:00 B D:\ph2020\scans\_vti_cnf\q98ss2a.jpg --> iweb.tntech.edu /Murdock/ph2020/scans/_vti_cnf q98ss2a.jpg
2003.05.30 13:00 B D:\ph2020\scans\_vti_cnf\q98ss2b.jpg --> iweb.tntech.edu /Murdock/ph2020/scans/_vti_cnf q98ss2b.jpg
2003.05.30 13:00 B D:\ph2020\scans\_vti_cnf\q98ss3a.jpg --> iweb.tntech.edu /Murdock/ph2020/scans/_vti_cnf q98ss3a.jpg
2003.05.30 13:00 B D:\ph2020\scans\_vti_cnf\q98ss3b.jpg --> iweb.tntech.edu /Murdock/ph2020/scans/_vti_cnf q98ss3b.jpg
2003.05.30 13:00 B D:\ph2020\scans\_vti_cnf\q98ss4a.jpg --> iweb.tntech.edu /Murdock/ph2020/scans/_vti_cnf q98ss4a.jpg
2003.05.30 13:00 B D:\ph2020\scans\_vti_cnf\q98ss4b.jpg --> iweb.tntech.edu /Murdock/ph2020/scans/_vti_cnf q98ss4b.jpg
2003.05.30 13:00 B D:\ph2020\scans\_vti_cnf\q98ss5a.jpg --> iweb.tntech.edu /Murdock/ph2020/scans/_vti_cnf q98ss5a.jpg
2003.05.30 13:00 B D:\ph2020\scans\_vti_cnf\q98ss5b.jpg --> iweb.tntech.edu /Murdock/ph2020/scans/_vti_cnf q98ss5b.jpg
2003.05.30 13:00 B D:\ph2020\scans\_vti_cnf\q98ss6a.jpg --> iweb.tntech.edu /Murdock/ph2020/scans/_vti_cnf q98ss6a.jpg
2003.05.30 13:00 B D:\ph2020\scans\_vti_cnf\q98ss6b.jpg --> iweb.tntech.edu /Murdock/ph2020/scans/_vti_cnf q98ss6b.jpg
