2003.04.30 17:53 B D:\ph2010\scans\_vti_cnf\e00f1a.gif <-- IWeb /murdock/ph2010/scans/_vti_cnf e00f1a.gif
2003.04.30 17:53 B D:\ph2010\scans\_vti_cnf\e00f1b.gif <-- IWeb /murdock/ph2010/scans/_vti_cnf e00f1b.gif
2003.04.30 17:53 B D:\ph2010\scans\_vti_cnf\e00f1c.gif <-- IWeb /murdock/ph2010/scans/_vti_cnf e00f1c.gif
2003.04.30 17:53 B D:\ph2010\scans\_vti_cnf\e00f1d.gif <-- IWeb /murdock/ph2010/scans/_vti_cnf e00f1d.gif
2003.04.30 17:53 B D:\ph2010\scans\_vti_cnf\e00f1e.gif <-- IWeb /murdock/ph2010/scans/_vti_cnf e00f1e.gif
2003.04.30 17:53 B D:\ph2010\scans\_vti_cnf\e00f1f.gif <-- IWeb /murdock/ph2010/scans/_vti_cnf e00f1f.gif
2003.04.30 17:53 B D:\ph2010\scans\_vti_cnf\e00f2a.gif <-- IWeb /murdock/ph2010/scans/_vti_cnf e00f2a.gif
2003.04.30 17:53 B D:\ph2010\scans\_vti_cnf\e00f2b.gif <-- IWeb /murdock/ph2010/scans/_vti_cnf e00f2b.gif
2003.04.30 17:53 B D:\ph2010\scans\_vti_cnf\e00f2c.gif <-- IWeb /murdock/ph2010/scans/_vti_cnf e00f2c.gif
2003.04.30 17:53 B D:\ph2010\scans\_vti_cnf\e00f2d.gif <-- IWeb /murdock/ph2010/scans/_vti_cnf e00f2d.gif
2003.04.30 17:53 B D:\ph2010\scans\_vti_cnf\e00f2e.gif <-- IWeb /murdock/ph2010/scans/_vti_cnf e00f2e.gif
2003.04.30 17:53 B D:\ph2010\scans\_vti_cnf\e00f2f.gif <-- IWeb /murdock/ph2010/scans/_vti_cnf e00f2f.gif
2003.04.30 17:53 B D:\ph2010\scans\_vti_cnf\e00f3a.gif <-- IWeb /murdock/ph2010/scans/_vti_cnf e00f3a.gif
2003.04.30 17:53 B D:\ph2010\scans\_vti_cnf\e00f3b.gif <-- IWeb /murdock/ph2010/scans/_vti_cnf e00f3b.gif
2003.04.30 17:53 B D:\ph2010\scans\_vti_cnf\e00f3c.gif <-- IWeb /murdock/ph2010/scans/_vti_cnf e00f3c.gif
2003.04.30 17:53 B D:\ph2010\scans\_vti_cnf\e00f3d.gif <-- IWeb /murdock/ph2010/scans/_vti_cnf e00f3d.gif
2003.04.30 17:53 B D:\ph2010\scans\_vti_cnf\e00f3e.gif <-- IWeb /murdock/ph2010/scans/_vti_cnf e00f3e.gif
2003.04.30 17:53 B D:\ph2010\scans\_vti_cnf\e00f3f.gif <-- IWeb /murdock/ph2010/scans/_vti_cnf e00f3f.gif
2003.04.30 17:53 B D:\ph2010\scans\_vti_cnf\e00f3g.gif <-- IWeb /murdock/ph2010/scans/_vti_cnf e00f3g.gif
2003.04.30 17:53 B D:\ph2010\scans\_vti_cnf\e01s1a.gif <-- IWeb /murdock/ph2010/scans/_vti_cnf e01s1a.gif
2003.04.30 17:53 B D:\ph2010\scans\_vti_cnf\e01s1b.gif <-- IWeb /murdock/ph2010/scans/_vti_cnf e01s1b.gif
2003.04.30 17:53 B D:\ph2010\scans\_vti_cnf\e01s1c.gif <-- IWeb /murdock/ph2010/scans/_vti_cnf e01s1c.gif
2003.04.30 17:53 B D:\ph2010\scans\_vti_cnf\e01s1d.gif <-- IWeb /murdock/ph2010/scans/_vti_cnf e01s1d.gif
2003.04.30 17:53 B D:\ph2010\scans\_vti_cnf\e01s1e.gif <-- IWeb /murdock/ph2010/scans/_vti_cnf e01s1e.gif
2003.04.30 17:53 B D:\ph2010\scans\_vti_cnf\e01s1f.gif <-- IWeb /murdock/ph2010/scans/_vti_cnf e01s1f.gif
2003.04.30 17:53 B D:\ph2010\scans\_vti_cnf\e01s1g.gif <-- IWeb /murdock/ph2010/scans/_vti_cnf e01s1g.gif
2003.04.30 17:53 B D:\ph2010\scans\_vti_cnf\e01s2a.gif <-- IWeb /murdock/ph2010/scans/_vti_cnf e01s2a.gif
2003.04.30 17:53 B D:\ph2010\scans\_vti_cnf\e01s2b.gif <-- IWeb /murdock/ph2010/scans/_vti_cnf e01s2b.gif
2003.04.30 17:53 B D:\ph2010\scans\_vti_cnf\e01s2c.gif <-- IWeb /murdock/ph2010/scans/_vti_cnf e01s2c.gif
2003.04.30 17:53 B D:\ph2010\scans\_vti_cnf\e01s2d.gif <-- IWeb /murdock/ph2010/scans/_vti_cnf e01s2d.gif
2003.04.30 17:53 B D:\ph2010\scans\_vti_cnf\e01s2e.gif <-- IWeb /murdock/ph2010/scans/_vti_cnf e01s2e.gif
2003.04.30 17:53 B D:\ph2010\scans\_vti_cnf\e01s2f.gif <-- IWeb /murdock/ph2010/scans/_vti_cnf e01s2f.gif
2003.04.30 17:53 B D:\ph2010\scans\_vti_cnf\e01s2g.gif <-- IWeb /murdock/ph2010/scans/_vti_cnf e01s2g.gif
2003.04.30 17:53 B D:\ph2010\scans\_vti_cnf\e01s3a.gif <-- IWeb /murdock/ph2010/scans/_vti_cnf e01s3a.gif
2003.04.30 17:53 B D:\ph2010\scans\_vti_cnf\e01s3b.gif <-- IWeb /murdock/ph2010/scans/_vti_cnf e01s3b.gif
2003.04.30 17:53 B D:\ph2010\scans\_vti_cnf\e01s3c.gif <-- IWeb /murdock/ph2010/scans/_vti_cnf e01s3c.gif
2003.04.30 17:53 B D:\ph2010\scans\_vti_cnf\e01s3d.gif <-- IWeb /murdock/ph2010/scans/_vti_cnf e01s3d.gif
2003.04.30 17:53 B D:\ph2010\scans\_vti_cnf\e01s3e.gif <-- IWeb /murdock/ph2010/scans/_vti_cnf e01s3e.gif
2003.04.30 17:53 B D:\ph2010\scans\_vti_cnf\e01s3f.gif <-- IWeb /murdock/ph2010/scans/_vti_cnf e01s3f.gif
2003.04.30 17:53 B D:\ph2010\scans\_vti_cnf\e01s3g.gif <-- IWeb /murdock/ph2010/scans/_vti_cnf e01s3g.gif
2003.04.30 17:53 B D:\ph2010\scans\_vti_cnf\e99f1a.gif <-- IWeb /murdock/ph2010/scans/_vti_cnf e99f1a.gif
2003.04.30 17:53 B D:\ph2010\scans\_vti_cnf\e99f1b.gif <-- IWeb /murdock/ph2010/scans/_vti_cnf e99f1b.gif
2003.04.30 17:53 B D:\ph2010\scans\_vti_cnf\e99f1c.gif <-- IWeb /murdock/ph2010/scans/_vti_cnf e99f1c.gif
2003.04.30 17:53 B D:\ph2010\scans\_vti_cnf\e99f1d.gif <-- IWeb /murdock/ph2010/scans/_vti_cnf e99f1d.gif
2003.04.30 17:53 B D:\ph2010\scans\_vti_cnf\e99f1e.gif <-- IWeb /murdock/ph2010/scans/_vti_cnf e99f1e.gif
2003.04.30 17:53 B D:\ph2010\scans\_vti_cnf\e99f1f.gif <-- IWeb /murdock/ph2010/scans/_vti_cnf e99f1f.gif
2003.04.30 17:53 B D:\ph2010\scans\_vti_cnf\e99f2a.gif <-- IWeb /murdock/ph2010/scans/_vti_cnf e99f2a.gif
2003.04.30 17:53 B D:\ph2010\scans\_vti_cnf\e99f2b.gif <-- IWeb /murdock/ph2010/scans/_vti_cnf e99f2b.gif
2003.04.30 17:53 B D:\ph2010\scans\_vti_cnf\e99f2c.gif <-- IWeb /murdock/ph2010/scans/_vti_cnf e99f2c.gif
2003.04.30 17:53 B D:\ph2010\scans\_vti_cnf\e99f2d.gif <-- IWeb /murdock/ph2010/scans/_vti_cnf e99f2d.gif
2003.04.30 17:53 B D:\ph2010\scans\_vti_cnf\e99f2e.gif <-- IWeb /murdock/ph2010/scans/_vti_cnf e99f2e.gif
2003.04.30 17:53 B D:\ph2010\scans\_vti_cnf\e99f2f.gif <-- IWeb /murdock/ph2010/scans/_vti_cnf e99f2f.gif
2003.04.30 17:53 B D:\ph2010\scans\_vti_cnf\e99f2g.gif <-- IWeb /murdock/ph2010/scans/_vti_cnf e99f2g.gif
2003.04.30 17:53 B D:\ph2010\scans\_vti_cnf\e99f3a.gif <-- IWeb /murdock/ph2010/scans/_vti_cnf e99f3a.gif
2003.04.30 17:53 B D:\ph2010\scans\_vti_cnf\e99f3b.gif <-- IWeb /murdock/ph2010/scans/_vti_cnf e99f3b.gif
2003.04.30 17:53 B D:\ph2010\scans\_vti_cnf\e99f3c.gif <-- IWeb /murdock/ph2010/scans/_vti_cnf e99f3c.gif
2003.04.30 17:53 B D:\ph2010\scans\_vti_cnf\e99f3d.gif <-- IWeb /murdock/ph2010/scans/_vti_cnf e99f3d.gif
2003.04.30 17:53 B D:\ph2010\scans\_vti_cnf\e99f3e.gif <-- IWeb /murdock/ph2010/scans/_vti_cnf e99f3e.gif
2003.04.30 17:53 B D:\ph2010\scans\_vti_cnf\e99f3f.gif <-- IWeb /murdock/ph2010/scans/_vti_cnf e99f3f.gif
2003.04.30 17:53 B D:\ph2010\scans\_vti_cnf\e99f3g.gif <-- IWeb /murdock/ph2010/scans/_vti_cnf e99f3g.gif
2003.04.30 17:53 B D:\ph2010\scans\_vti_cnf\q00f1a.jpg <-- IWeb /murdock/ph2010/scans/_vti_cnf q00f1a.jpg
2003.04.30 17:53 B D:\ph2010\scans\_vti_cnf\q00f1b.jpg <-- IWeb /murdock/ph2010/scans/_vti_cnf q00f1b.jpg
2003.04.30 17:53 B D:\ph2010\scans\_vti_cnf\q00f2a.jpg <-- IWeb /murdock/ph2010/scans/_vti_cnf q00f2a.jpg
2003.04.30 17:53 B D:\ph2010\scans\_vti_cnf\q00f2b.jpg <-- IWeb /murdock/ph2010/scans/_vti_cnf q00f2b.jpg
2003.04.30 17:53 B D:\ph2010\scans\_vti_cnf\q00f3a.jpg <-- IWeb /murdock/ph2010/scans/_vti_cnf q00f3a.jpg
2003.04.30 17:53 B D:\ph2010\scans\_vti_cnf\q00f3b.jpg <-- IWeb /murdock/ph2010/scans/_vti_cnf q00f3b.jpg
2003.04.30 17:53 B D:\ph2010\scans\_vti_cnf\q00f4a.jpg <-- IWeb /murdock/ph2010/scans/_vti_cnf q00f4a.jpg
2003.04.30 17:53 B D:\ph2010\scans\_vti_cnf\q00f4b.jpg <-- IWeb /murdock/ph2010/scans/_vti_cnf q00f4b.jpg
2003.04.30 17:53 B D:\ph2010\scans\_vti_cnf\q00f5a.jpg <-- IWeb /murdock/ph2010/scans/_vti_cnf q00f5a.jpg
2003.04.30 17:53 B D:\ph2010\scans\_vti_cnf\q00f5b.jpg <-- IWeb /murdock/ph2010/scans/_vti_cnf q00f5b.jpg
2003.04.30 17:53 B D:\ph2010\scans\_vti_cnf\q01s1a.jpg <-- IWeb /murdock/ph2010/scans/_vti_cnf q01s1a.jpg
2003.04.30 17:53 B D:\ph2010\scans\_vti_cnf\q01s1b.jpg <-- IWeb /murdock/ph2010/scans/_vti_cnf q01s1b.jpg
2003.04.30 17:53 B D:\ph2010\scans\_vti_cnf\q01s2a.jpg <-- IWeb /murdock/ph2010/scans/_vti_cnf q01s2a.jpg
2003.04.30 17:53 B D:\ph2010\scans\_vti_cnf\q01s2b.jpg <-- IWeb /murdock/ph2010/scans/_vti_cnf q01s2b.jpg
2003.04.30 17:53 B D:\ph2010\scans\_vti_cnf\q01s3a.jpg <-- IWeb /murdock/ph2010/scans/_vti_cnf q01s3a.jpg
2003.04.30 17:53 B D:\ph2010\scans\_vti_cnf\q01s3b.jpg <-- IWeb /murdock/ph2010/scans/_vti_cnf q01s3b.jpg
2003.04.30 17:53 B D:\ph2010\scans\_vti_cnf\q01s4a.jpg <-- IWeb /murdock/ph2010/scans/_vti_cnf q01s4a.jpg
2003.04.30 17:53 B D:\ph2010\scans\_vti_cnf\q01s4b.jpg <-- IWeb /murdock/ph2010/scans/_vti_cnf q01s4b.jpg
2003.04.30 17:53 B D:\ph2010\scans\_vti_cnf\q95s1a.jpg <-- IWeb /murdock/ph2010/scans/_vti_cnf q95s1a.jpg
2003.04.30 17:53 B D:\ph2010\scans\_vti_cnf\q95s1b.jpg <-- IWeb /murdock/ph2010/scans/_vti_cnf q95s1b.jpg
2003.04.30 17:53 B D:\ph2010\scans\_vti_cnf\q95s2a.jpg <-- IWeb /murdock/ph2010/scans/_vti_cnf q95s2a.jpg
2003.04.30 17:53 B D:\ph2010\scans\_vti_cnf\q95s2b.jpg <-- IWeb /murdock/ph2010/scans/_vti_cnf q95s2b.jpg
2003.04.30 17:53 B D:\ph2010\scans\_vti_cnf\q95s3a.jpg <-- IWeb /murdock/ph2010/scans/_vti_cnf q95s3a.jpg
2003.04.30 17:53 B D:\ph2010\scans\_vti_cnf\q95s3b.jpg <-- IWeb /murdock/ph2010/scans/_vti_cnf q95s3b.jpg
2003.04.30 17:53 B D:\ph2010\scans\_vti_cnf\q95s4a.jpg <-- IWeb /murdock/ph2010/scans/_vti_cnf q95s4a.jpg
2003.04.30 17:53 B D:\ph2010\scans\_vti_cnf\q95s4b.jpg <-- IWeb /murdock/ph2010/scans/_vti_cnf q95s4b.jpg
2003.04.30 17:53 B D:\ph2010\scans\_vti_cnf\q95s5a.jpg <-- IWeb /murdock/ph2010/scans/_vti_cnf q95s5a.jpg
2003.04.30 17:53 B D:\ph2010\scans\_vti_cnf\q95s5b.jpg <-- IWeb /murdock/ph2010/scans/_vti_cnf q95s5b.jpg
2003.04.30 17:53 B D:\ph2010\scans\_vti_cnf\q95s6a.jpg <-- IWeb /murdock/ph2010/scans/_vti_cnf q95s6a.jpg
2003.04.30 17:53 B D:\ph2010\scans\_vti_cnf\q95s6b.jpg <-- IWeb /murdock/ph2010/scans/_vti_cnf q95s6b.jpg
2003.04.30 17:53 B D:\ph2010\scans\_vti_cnf\q96f1a.jpg <-- IWeb /murdock/ph2010/scans/_vti_cnf q96f1a.jpg
2003.04.30 17:53 B D:\ph2010\scans\_vti_cnf\q96f1b.jpg <-- IWeb /murdock/ph2010/scans/_vti_cnf q96f1b.jpg
2003.04.30 17:53 B D:\ph2010\scans\_vti_cnf\q96f2a.jpg <-- IWeb /murdock/ph2010/scans/_vti_cnf q96f2a.jpg
2003.04.30 17:53 B D:\ph2010\scans\_vti_cnf\q96f2b.jpg <-- IWeb /murdock/ph2010/scans/_vti_cnf q96f2b.jpg
2003.04.30 17:53 B D:\ph2010\scans\_vti_cnf\q96f3a.jpg <-- IWeb /murdock/ph2010/scans/_vti_cnf q96f3a.jpg
2003.04.30 17:53 B D:\ph2010\scans\_vti_cnf\q96f3b.jpg <-- IWeb /murdock/ph2010/scans/_vti_cnf q96f3b.jpg
2003.04.30 17:53 B D:\ph2010\scans\_vti_cnf\q96f4a.jpg <-- IWeb /murdock/ph2010/scans/_vti_cnf q96f4a.jpg
2003.04.30 17:53 B D:\ph2010\scans\_vti_cnf\q96f4b.jpg <-- IWeb /murdock/ph2010/scans/_vti_cnf q96f4b.jpg
2003.04.30 17:53 B D:\ph2010\scans\_vti_cnf\q96f5a.jpg <-- IWeb /murdock/ph2010/scans/_vti_cnf q96f5a.jpg
2003.04.30 17:53 B D:\ph2010\scans\_vti_cnf\q96f5b.jpg <-- IWeb /murdock/ph2010/scans/_vti_cnf q96f5b.jpg
2003.04.30 17:53 B D:\ph2010\scans\_vti_cnf\q96f6a.jpg <-- IWeb /murdock/ph2010/scans/_vti_cnf q96f6a.jpg
2003.04.30 17:53 B D:\ph2010\scans\_vti_cnf\q96f6b.jpg <-- IWeb /murdock/ph2010/scans/_vti_cnf q96f6b.jpg
2003.04.30 17:53 B D:\ph2010\scans\_vti_cnf\q96s1a.jpg <-- IWeb /murdock/ph2010/scans/_vti_cnf q96s1a.jpg
2003.04.30 17:53 B D:\ph2010\scans\_vti_cnf\q96s1b.jpg <-- IWeb /murdock/ph2010/scans/_vti_cnf q96s1b.jpg
2003.04.30 17:53 B D:\ph2010\scans\_vti_cnf\q96s2a.jpg <-- IWeb /murdock/ph2010/scans/_vti_cnf q96s2a.jpg
2003.04.30 17:53 B D:\ph2010\scans\_vti_cnf\q96s2b.jpg <-- IWeb /murdock/ph2010/scans/_vti_cnf q96s2b.jpg
2003.04.30 17:53 B D:\ph2010\scans\_vti_cnf\q96s3a.jpg <-- IWeb /murdock/ph2010/scans/_vti_cnf q96s3a.jpg
2003.04.30 17:53 B D:\ph2010\scans\_vti_cnf\q96s3b.jpg <-- IWeb /murdock/ph2010/scans/_vti_cnf q96s3b.jpg
2003.04.30 17:53 B D:\ph2010\scans\_vti_cnf\q96s4a.jpg <-- IWeb /murdock/ph2010/scans/_vti_cnf q96s4a.jpg
2003.04.30 17:53 B D:\ph2010\scans\_vti_cnf\q96s4b.jpg <-- IWeb /murdock/ph2010/scans/_vti_cnf q96s4b.jpg
2003.04.30 17:53 B D:\ph2010\scans\_vti_cnf\q96s5a.jpg <-- IWeb /murdock/ph2010/scans/_vti_cnf q96s5a.jpg
2003.04.30 17:53 B D:\ph2010\scans\_vti_cnf\q96s5b.jpg <-- IWeb /murdock/ph2010/scans/_vti_cnf q96s5b.jpg
2003.04.30 17:53 B D:\ph2010\scans\_vti_cnf\q96s6a.jpg <-- IWeb /murdock/ph2010/scans/_vti_cnf q96s6a.jpg
2003.04.30 17:53 B D:\ph2010\scans\_vti_cnf\q96s6b.jpg <-- IWeb /murdock/ph2010/scans/_vti_cnf q96s6b.jpg
2003.04.30 17:53 B D:\ph2010\scans\_vti_cnf\q99f1a.jpg <-- IWeb /murdock/ph2010/scans/_vti_cnf q99f1a.jpg
2003.04.30 17:53 B D:\ph2010\scans\_vti_cnf\q99f1b.jpg <-- IWeb /murdock/ph2010/scans/_vti_cnf q99f1b.jpg
2003.04.30 17:53 B D:\ph2010\scans\_vti_cnf\q99f2a.jpg <-- IWeb /murdock/ph2010/scans/_vti_cnf q99f2a.jpg
2003.04.30 17:53 B D:\ph2010\scans\_vti_cnf\q99f2b.jpg <-- IWeb /murdock/ph2010/scans/_vti_cnf q99f2b.jpg
2003.04.30 17:53 B D:\ph2010\scans\_vti_cnf\q99f3a.jpg <-- IWeb /murdock/ph2010/scans/_vti_cnf q99f3a.jpg
2003.04.30 17:53 B D:\ph2010\scans\_vti_cnf\q99f3b.jpg <-- IWeb /murdock/ph2010/scans/_vti_cnf q99f3b.jpg
2003.04.30 17:53 B D:\ph2010\scans\_vti_cnf\q99f4a.jpg <-- IWeb /murdock/ph2010/scans/_vti_cnf q99f4a.jpg
2003.04.30 17:53 B D:\ph2010\scans\_vti_cnf\q99f4b.jpg <-- IWeb /murdock/ph2010/scans/_vti_cnf q99f4b.jpg
2003.04.30 17:53 B D:\ph2010\scans\_vti_cnf\q99f5a.jpg <-- IWeb /murdock/ph2010/scans/_vti_cnf q99f5a.jpg
2003.04.30 17:53 B D:\ph2010\scans\_vti_cnf\q99f5b.jpg <-- IWeb /murdock/ph2010/scans/_vti_cnf q99f5b.jpg
2003.05.30 12:57 B D:\ph2010\scans\_vti_cnf\e00f1a.gif --> iweb.tntech.edu /Murdock/ph2010/scans/_vti_cnf e00f1a.gif
2003.05.30 12:57 B D:\ph2010\scans\_vti_cnf\e00f1b.gif --> iweb.tntech.edu /Murdock/ph2010/scans/_vti_cnf e00f1b.gif
2003.05.30 12:57 B D:\ph2010\scans\_vti_cnf\e00f1c.gif --> iweb.tntech.edu /Murdock/ph2010/scans/_vti_cnf e00f1c.gif
2003.05.30 12:57 B D:\ph2010\scans\_vti_cnf\e00f1d.gif --> iweb.tntech.edu /Murdock/ph2010/scans/_vti_cnf e00f1d.gif
2003.05.30 12:57 B D:\ph2010\scans\_vti_cnf\e00f1e.gif --> iweb.tntech.edu /Murdock/ph2010/scans/_vti_cnf e00f1e.gif
2003.05.30 12:57 B D:\ph2010\scans\_vti_cnf\e00f1f.gif --> iweb.tntech.edu /Murdock/ph2010/scans/_vti_cnf e00f1f.gif
2003.05.30 12:57 B D:\ph2010\scans\_vti_cnf\e00f2a.gif --> iweb.tntech.edu /Murdock/ph2010/scans/_vti_cnf e00f2a.gif
2003.05.30 12:57 B D:\ph2010\scans\_vti_cnf\e00f2b.gif --> iweb.tntech.edu /Murdock/ph2010/scans/_vti_cnf e00f2b.gif
2003.05.30 12:57 B D:\ph2010\scans\_vti_cnf\e00f2c.gif --> iweb.tntech.edu /Murdock/ph2010/scans/_vti_cnf e00f2c.gif
2003.05.30 12:57 B D:\ph2010\scans\_vti_cnf\e00f2d.gif --> iweb.tntech.edu /Murdock/ph2010/scans/_vti_cnf e00f2d.gif
2003.05.30 12:57 B D:\ph2010\scans\_vti_cnf\e00f2e.gif --> iweb.tntech.edu /Murdock/ph2010/scans/_vti_cnf e00f2e.gif
2003.05.30 12:57 B D:\ph2010\scans\_vti_cnf\e00f2f.gif --> iweb.tntech.edu /Murdock/ph2010/scans/_vti_cnf e00f2f.gif
2003.05.30 12:57 B D:\ph2010\scans\_vti_cnf\e00f3a.gif --> iweb.tntech.edu /Murdock/ph2010/scans/_vti_cnf e00f3a.gif
2003.05.30 12:57 B D:\ph2010\scans\_vti_cnf\e00f3b.gif --> iweb.tntech.edu /Murdock/ph2010/scans/_vti_cnf e00f3b.gif
2003.05.30 12:57 B D:\ph2010\scans\_vti_cnf\e00f3c.gif --> iweb.tntech.edu /Murdock/ph2010/scans/_vti_cnf e00f3c.gif
2003.05.30 12:57 B D:\ph2010\scans\_vti_cnf\e00f3d.gif --> iweb.tntech.edu /Murdock/ph2010/scans/_vti_cnf e00f3d.gif
2003.05.30 12:57 B D:\ph2010\scans\_vti_cnf\e00f3e.gif --> iweb.tntech.edu /Murdock/ph2010/scans/_vti_cnf e00f3e.gif
2003.05.30 12:57 B D:\ph2010\scans\_vti_cnf\e00f3f.gif --> iweb.tntech.edu /Murdock/ph2010/scans/_vti_cnf e00f3f.gif
2003.05.30 12:57 B D:\ph2010\scans\_vti_cnf\e00f3g.gif --> iweb.tntech.edu /Murdock/ph2010/scans/_vti_cnf e00f3g.gif
2003.05.30 12:57 B D:\ph2010\scans\_vti_cnf\e01s1a.gif --> iweb.tntech.edu /Murdock/ph2010/scans/_vti_cnf e01s1a.gif
2003.05.30 12:57 B D:\ph2010\scans\_vti_cnf\e01s1b.gif --> iweb.tntech.edu /Murdock/ph2010/scans/_vti_cnf e01s1b.gif
2003.05.30 12:57 B D:\ph2010\scans\_vti_cnf\e01s1c.gif --> iweb.tntech.edu /Murdock/ph2010/scans/_vti_cnf e01s1c.gif
2003.05.30 12:57 B D:\ph2010\scans\_vti_cnf\e01s1d.gif --> iweb.tntech.edu /Murdock/ph2010/scans/_vti_cnf e01s1d.gif
2003.05.30 12:57 B D:\ph2010\scans\_vti_cnf\e01s1e.gif --> iweb.tntech.edu /Murdock/ph2010/scans/_vti_cnf e01s1e.gif
2003.05.30 12:57 B D:\ph2010\scans\_vti_cnf\e01s1f.gif --> iweb.tntech.edu /Murdock/ph2010/scans/_vti_cnf e01s1f.gif
2003.05.30 12:57 B D:\ph2010\scans\_vti_cnf\e01s1g.gif --> iweb.tntech.edu /Murdock/ph2010/scans/_vti_cnf e01s1g.gif
2003.05.30 12:57 B D:\ph2010\scans\_vti_cnf\e01s2a.gif --> iweb.tntech.edu /Murdock/ph2010/scans/_vti_cnf e01s2a.gif
2003.05.30 12:57 B D:\ph2010\scans\_vti_cnf\e01s2b.gif --> iweb.tntech.edu /Murdock/ph2010/scans/_vti_cnf e01s2b.gif
2003.05.30 12:57 B D:\ph2010\scans\_vti_cnf\e01s2c.gif --> iweb.tntech.edu /Murdock/ph2010/scans/_vti_cnf e01s2c.gif
2003.05.30 12:57 B D:\ph2010\scans\_vti_cnf\e01s2d.gif --> iweb.tntech.edu /Murdock/ph2010/scans/_vti_cnf e01s2d.gif
2003.05.30 12:57 B D:\ph2010\scans\_vti_cnf\e01s2e.gif --> iweb.tntech.edu /Murdock/ph2010/scans/_vti_cnf e01s2e.gif
2003.05.30 12:57 B D:\ph2010\scans\_vti_cnf\e01s2f.gif --> iweb.tntech.edu /Murdock/ph2010/scans/_vti_cnf e01s2f.gif
2003.05.30 12:57 B D:\ph2010\scans\_vti_cnf\e01s2g.gif --> iweb.tntech.edu /Murdock/ph2010/scans/_vti_cnf e01s2g.gif
2003.05.30 12:57 B D:\ph2010\scans\_vti_cnf\e01s3a.gif --> iweb.tntech.edu /Murdock/ph2010/scans/_vti_cnf e01s3a.gif
2003.05.30 12:57 B D:\ph2010\scans\_vti_cnf\e01s3b.gif --> iweb.tntech.edu /Murdock/ph2010/scans/_vti_cnf e01s3b.gif
2003.05.30 12:57 B D:\ph2010\scans\_vti_cnf\e01s3c.gif --> iweb.tntech.edu /Murdock/ph2010/scans/_vti_cnf e01s3c.gif
2003.05.30 12:57 B D:\ph2010\scans\_vti_cnf\e01s3d.gif --> iweb.tntech.edu /Murdock/ph2010/scans/_vti_cnf e01s3d.gif
2003.05.30 12:57 B D:\ph2010\scans\_vti_cnf\e01s3e.gif --> iweb.tntech.edu /Murdock/ph2010/scans/_vti_cnf e01s3e.gif
2003.05.30 12:57 B D:\ph2010\scans\_vti_cnf\e01s3f.gif --> iweb.tntech.edu /Murdock/ph2010/scans/_vti_cnf e01s3f.gif
2003.05.30 12:57 B D:\ph2010\scans\_vti_cnf\e01s3g.gif --> iweb.tntech.edu /Murdock/ph2010/scans/_vti_cnf e01s3g.gif
2003.05.30 12:57 B D:\ph2010\scans\_vti_cnf\e99f1a.gif --> iweb.tntech.edu /Murdock/ph2010/scans/_vti_cnf e99f1a.gif
2003.05.30 12:57 B D:\ph2010\scans\_vti_cnf\e99f1b.gif --> iweb.tntech.edu /Murdock/ph2010/scans/_vti_cnf e99f1b.gif
2003.05.30 12:57 B D:\ph2010\scans\_vti_cnf\e99f1c.gif --> iweb.tntech.edu /Murdock/ph2010/scans/_vti_cnf e99f1c.gif
2003.05.30 12:57 B D:\ph2010\scans\_vti_cnf\e99f1d.gif --> iweb.tntech.edu /Murdock/ph2010/scans/_vti_cnf e99f1d.gif
2003.05.30 12:57 B D:\ph2010\scans\_vti_cnf\e99f1e.gif --> iweb.tntech.edu /Murdock/ph2010/scans/_vti_cnf e99f1e.gif
2003.05.30 12:57 B D:\ph2010\scans\_vti_cnf\e99f1f.gif --> iweb.tntech.edu /Murdock/ph2010/scans/_vti_cnf e99f1f.gif
2003.05.30 12:57 B D:\ph2010\scans\_vti_cnf\e99f2a.gif --> iweb.tntech.edu /Murdock/ph2010/scans/_vti_cnf e99f2a.gif
2003.05.30 12:57 B D:\ph2010\scans\_vti_cnf\e99f2b.gif --> iweb.tntech.edu /Murdock/ph2010/scans/_vti_cnf e99f2b.gif
2003.05.30 12:57 B D:\ph2010\scans\_vti_cnf\e99f2c.gif --> iweb.tntech.edu /Murdock/ph2010/scans/_vti_cnf e99f2c.gif
2003.05.30 12:57 B D:\ph2010\scans\_vti_cnf\e99f2d.gif --> iweb.tntech.edu /Murdock/ph2010/scans/_vti_cnf e99f2d.gif
2003.05.30 12:57 B D:\ph2010\scans\_vti_cnf\e99f2e.gif --> iweb.tntech.edu /Murdock/ph2010/scans/_vti_cnf e99f2e.gif
2003.05.30 12:57 B D:\ph2010\scans\_vti_cnf\e99f2f.gif --> iweb.tntech.edu /Murdock/ph2010/scans/_vti_cnf e99f2f.gif
2003.05.30 12:57 B D:\ph2010\scans\_vti_cnf\e99f2g.gif --> iweb.tntech.edu /Murdock/ph2010/scans/_vti_cnf e99f2g.gif
2003.05.30 12:57 B D:\ph2010\scans\_vti_cnf\e99f3a.gif --> iweb.tntech.edu /Murdock/ph2010/scans/_vti_cnf e99f3a.gif
2003.05.30 12:57 B D:\ph2010\scans\_vti_cnf\e99f3b.gif --> iweb.tntech.edu /Murdock/ph2010/scans/_vti_cnf e99f3b.gif
2003.05.30 12:57 B D:\ph2010\scans\_vti_cnf\e99f3c.gif --> iweb.tntech.edu /Murdock/ph2010/scans/_vti_cnf e99f3c.gif
2003.05.30 12:57 B D:\ph2010\scans\_vti_cnf\e99f3d.gif --> iweb.tntech.edu /Murdock/ph2010/scans/_vti_cnf e99f3d.gif
2003.05.30 12:57 B D:\ph2010\scans\_vti_cnf\e99f3e.gif --> iweb.tntech.edu /Murdock/ph2010/scans/_vti_cnf e99f3e.gif
2003.05.30 12:57 B D:\ph2010\scans\_vti_cnf\e99f3f.gif --> iweb.tntech.edu /Murdock/ph2010/scans/_vti_cnf e99f3f.gif
2003.05.30 12:57 B D:\ph2010\scans\_vti_cnf\e99f3g.gif --> iweb.tntech.edu /Murdock/ph2010/scans/_vti_cnf e99f3g.gif
2003.05.30 12:57 B D:\ph2010\scans\_vti_cnf\q00f1a.jpg --> iweb.tntech.edu /Murdock/ph2010/scans/_vti_cnf q00f1a.jpg
2003.05.30 12:57 B D:\ph2010\scans\_vti_cnf\q00f1b.jpg --> iweb.tntech.edu /Murdock/ph2010/scans/_vti_cnf q00f1b.jpg
2003.05.30 12:57 B D:\ph2010\scans\_vti_cnf\q00f2a.jpg --> iweb.tntech.edu /Murdock/ph2010/scans/_vti_cnf q00f2a.jpg
2003.05.30 12:57 B D:\ph2010\scans\_vti_cnf\q00f2b.jpg --> iweb.tntech.edu /Murdock/ph2010/scans/_vti_cnf q00f2b.jpg
2003.05.30 12:57 B D:\ph2010\scans\_vti_cnf\q00f3a.jpg --> iweb.tntech.edu /Murdock/ph2010/scans/_vti_cnf q00f3a.jpg
2003.05.30 12:57 B D:\ph2010\scans\_vti_cnf\q00f3b.jpg --> iweb.tntech.edu /Murdock/ph2010/scans/_vti_cnf q00f3b.jpg
2003.05.30 12:57 B D:\ph2010\scans\_vti_cnf\q00f4a.jpg --> iweb.tntech.edu /Murdock/ph2010/scans/_vti_cnf q00f4a.jpg
2003.05.30 12:57 B D:\ph2010\scans\_vti_cnf\q00f4b.jpg --> iweb.tntech.edu /Murdock/ph2010/scans/_vti_cnf q00f4b.jpg
2003.05.30 12:57 B D:\ph2010\scans\_vti_cnf\q00f5a.jpg --> iweb.tntech.edu /Murdock/ph2010/scans/_vti_cnf q00f5a.jpg
2003.05.30 12:57 B D:\ph2010\scans\_vti_cnf\q00f5b.jpg --> iweb.tntech.edu /Murdock/ph2010/scans/_vti_cnf q00f5b.jpg
2003.05.30 12:57 B D:\ph2010\scans\_vti_cnf\q01s1a.jpg --> iweb.tntech.edu /Murdock/ph2010/scans/_vti_cnf q01s1a.jpg
2003.05.30 12:57 B D:\ph2010\scans\_vti_cnf\q01s1b.jpg --> iweb.tntech.edu /Murdock/ph2010/scans/_vti_cnf q01s1b.jpg
2003.05.30 12:57 B D:\ph2010\scans\_vti_cnf\q01s2a.jpg --> iweb.tntech.edu /Murdock/ph2010/scans/_vti_cnf q01s2a.jpg
2003.05.30 12:57 B D:\ph2010\scans\_vti_cnf\q01s2b.jpg --> iweb.tntech.edu /Murdock/ph2010/scans/_vti_cnf q01s2b.jpg
2003.05.30 12:57 B D:\ph2010\scans\_vti_cnf\q01s3a.jpg --> iweb.tntech.edu /Murdock/ph2010/scans/_vti_cnf q01s3a.jpg
2003.05.30 12:57 B D:\ph2010\scans\_vti_cnf\q01s3b.jpg --> iweb.tntech.edu /Murdock/ph2010/scans/_vti_cnf q01s3b.jpg
2003.05.30 12:57 B D:\ph2010\scans\_vti_cnf\q01s4a.jpg --> iweb.tntech.edu /Murdock/ph2010/scans/_vti_cnf q01s4a.jpg
2003.05.30 12:57 B D:\ph2010\scans\_vti_cnf\q01s4b.jpg --> iweb.tntech.edu /Murdock/ph2010/scans/_vti_cnf q01s4b.jpg
2003.05.30 12:57 B D:\ph2010\scans\_vti_cnf\q95s1a.jpg --> iweb.tntech.edu /Murdock/ph2010/scans/_vti_cnf q95s1a.jpg
2003.05.30 12:57 B D:\ph2010\scans\_vti_cnf\q95s1b.jpg --> iweb.tntech.edu /Murdock/ph2010/scans/_vti_cnf q95s1b.jpg
2003.05.30 12:57 B D:\ph2010\scans\_vti_cnf\q95s2a.jpg --> iweb.tntech.edu /Murdock/ph2010/scans/_vti_cnf q95s2a.jpg
2003.05.30 12:57 B D:\ph2010\scans\_vti_cnf\q95s2b.jpg --> iweb.tntech.edu /Murdock/ph2010/scans/_vti_cnf q95s2b.jpg
2003.05.30 12:57 B D:\ph2010\scans\_vti_cnf\q95s3a.jpg --> iweb.tntech.edu /Murdock/ph2010/scans/_vti_cnf q95s3a.jpg
2003.05.30 12:57 B D:\ph2010\scans\_vti_cnf\q95s3b.jpg --> iweb.tntech.edu /Murdock/ph2010/scans/_vti_cnf q95s3b.jpg
2003.05.30 12:57 B D:\ph2010\scans\_vti_cnf\q95s4a.jpg --> iweb.tntech.edu /Murdock/ph2010/scans/_vti_cnf q95s4a.jpg
2003.05.30 12:57 B D:\ph2010\scans\_vti_cnf\q95s4b.jpg --> iweb.tntech.edu /Murdock/ph2010/scans/_vti_cnf q95s4b.jpg
2003.05.30 12:57 B D:\ph2010\scans\_vti_cnf\q95s5a.jpg --> iweb.tntech.edu /Murdock/ph2010/scans/_vti_cnf q95s5a.jpg
2003.05.30 12:57 B D:\ph2010\scans\_vti_cnf\q95s5b.jpg --> iweb.tntech.edu /Murdock/ph2010/scans/_vti_cnf q95s5b.jpg
2003.05.30 12:57 B D:\ph2010\scans\_vti_cnf\q95s6a.jpg --> iweb.tntech.edu /Murdock/ph2010/scans/_vti_cnf q95s6a.jpg
2003.05.30 12:57 B D:\ph2010\scans\_vti_cnf\q95s6b.jpg --> iweb.tntech.edu /Murdock/ph2010/scans/_vti_cnf q95s6b.jpg
2003.05.30 12:57 B D:\ph2010\scans\_vti_cnf\q96f1a.jpg --> iweb.tntech.edu /Murdock/ph2010/scans/_vti_cnf q96f1a.jpg
2003.05.30 12:57 B D:\ph2010\scans\_vti_cnf\q96f1b.jpg --> iweb.tntech.edu /Murdock/ph2010/scans/_vti_cnf q96f1b.jpg
2003.05.30 12:57 B D:\ph2010\scans\_vti_cnf\q96f2a.jpg --> iweb.tntech.edu /Murdock/ph2010/scans/_vti_cnf q96f2a.jpg
2003.05.30 12:57 B D:\ph2010\scans\_vti_cnf\q96f2b.jpg --> iweb.tntech.edu /Murdock/ph2010/scans/_vti_cnf q96f2b.jpg
2003.05.30 12:57 B D:\ph2010\scans\_vti_cnf\q96f3a.jpg --> iweb.tntech.edu /Murdock/ph2010/scans/_vti_cnf q96f3a.jpg
2003.05.30 12:57 B D:\ph2010\scans\_vti_cnf\q96f3b.jpg --> iweb.tntech.edu /Murdock/ph2010/scans/_vti_cnf q96f3b.jpg
2003.05.30 12:57 B D:\ph2010\scans\_vti_cnf\q96f4a.jpg --> iweb.tntech.edu /Murdock/ph2010/scans/_vti_cnf q96f4a.jpg
2003.05.30 12:57 B D:\ph2010\scans\_vti_cnf\q96f4b.jpg --> iweb.tntech.edu /Murdock/ph2010/scans/_vti_cnf q96f4b.jpg
2003.05.30 12:57 B D:\ph2010\scans\_vti_cnf\q96f5a.jpg --> iweb.tntech.edu /Murdock/ph2010/scans/_vti_cnf q96f5a.jpg
2003.05.30 12:57 B D:\ph2010\scans\_vti_cnf\q96f5b.jpg --> iweb.tntech.edu /Murdock/ph2010/scans/_vti_cnf q96f5b.jpg
2003.05.30 12:57 B D:\ph2010\scans\_vti_cnf\q96f6a.jpg --> iweb.tntech.edu /Murdock/ph2010/scans/_vti_cnf q96f6a.jpg
2003.05.30 12:57 B D:\ph2010\scans\_vti_cnf\q96f6b.jpg --> iweb.tntech.edu /Murdock/ph2010/scans/_vti_cnf q96f6b.jpg
2003.05.30 12:57 B D:\ph2010\scans\_vti_cnf\q96s1a.jpg --> iweb.tntech.edu /Murdock/ph2010/scans/_vti_cnf q96s1a.jpg
2003.05.30 12:57 B D:\ph2010\scans\_vti_cnf\q96s1b.jpg --> iweb.tntech.edu /Murdock/ph2010/scans/_vti_cnf q96s1b.jpg
2003.05.30 12:57 B D:\ph2010\scans\_vti_cnf\q96s2a.jpg --> iweb.tntech.edu /Murdock/ph2010/scans/_vti_cnf q96s2a.jpg
2003.05.30 12:57 B D:\ph2010\scans\_vti_cnf\q96s2b.jpg --> iweb.tntech.edu /Murdock/ph2010/scans/_vti_cnf q96s2b.jpg
2003.05.30 12:57 B D:\ph2010\scans\_vti_cnf\q96s3a.jpg --> iweb.tntech.edu /Murdock/ph2010/scans/_vti_cnf q96s3a.jpg
2003.05.30 12:57 B D:\ph2010\scans\_vti_cnf\q96s3b.jpg --> iweb.tntech.edu /Murdock/ph2010/scans/_vti_cnf q96s3b.jpg
2003.05.30 12:57 B D:\ph2010\scans\_vti_cnf\q96s4a.jpg --> iweb.tntech.edu /Murdock/ph2010/scans/_vti_cnf q96s4a.jpg
2003.05.30 12:57 B D:\ph2010\scans\_vti_cnf\q96s4b.jpg --> iweb.tntech.edu /Murdock/ph2010/scans/_vti_cnf q96s4b.jpg
2003.05.30 12:57 B D:\ph2010\scans\_vti_cnf\q96s5a.jpg --> iweb.tntech.edu /Murdock/ph2010/scans/_vti_cnf q96s5a.jpg
2003.05.30 12:57 B D:\ph2010\scans\_vti_cnf\q96s5b.jpg --> iweb.tntech.edu /Murdock/ph2010/scans/_vti_cnf q96s5b.jpg
2003.05.30 12:57 B D:\ph2010\scans\_vti_cnf\q96s6a.jpg --> iweb.tntech.edu /Murdock/ph2010/scans/_vti_cnf q96s6a.jpg
2003.05.30 12:57 B D:\ph2010\scans\_vti_cnf\q96s6b.jpg --> iweb.tntech.edu /Murdock/ph2010/scans/_vti_cnf q96s6b.jpg
2003.05.30 12:57 B D:\ph2010\scans\_vti_cnf\q99f1a.jpg --> iweb.tntech.edu /Murdock/ph2010/scans/_vti_cnf q99f1a.jpg
2003.05.30 12:57 B D:\ph2010\scans\_vti_cnf\q99f1b.jpg --> iweb.tntech.edu /Murdock/ph2010/scans/_vti_cnf q99f1b.jpg
2003.05.30 12:57 B D:\ph2010\scans\_vti_cnf\q99f2a.jpg --> iweb.tntech.edu /Murdock/ph2010/scans/_vti_cnf q99f2a.jpg
2003.05.30 12:57 B D:\ph2010\scans\_vti_cnf\q99f2b.jpg --> iweb.tntech.edu /Murdock/ph2010/scans/_vti_cnf q99f2b.jpg
2003.05.30 12:57 B D:\ph2010\scans\_vti_cnf\q99f3a.jpg --> iweb.tntech.edu /Murdock/ph2010/scans/_vti_cnf q99f3a.jpg
2003.05.30 12:57 B D:\ph2010\scans\_vti_cnf\q99f3b.jpg --> iweb.tntech.edu /Murdock/ph2010/scans/_vti_cnf q99f3b.jpg
2003.05.30 12:57 B D:\ph2010\scans\_vti_cnf\q99f4a.jpg --> iweb.tntech.edu /Murdock/ph2010/scans/_vti_cnf q99f4a.jpg
2003.05.30 12:57 B D:\ph2010\scans\_vti_cnf\q99f4b.jpg --> iweb.tntech.edu /Murdock/ph2010/scans/_vti_cnf q99f4b.jpg
2003.05.30 12:57 B D:\ph2010\scans\_vti_cnf\q99f5a.jpg --> iweb.tntech.edu /Murdock/ph2010/scans/_vti_cnf q99f5a.jpg
2003.05.30 12:57 B D:\ph2010\scans\_vti_cnf\q99f5b.jpg --> iweb.tntech.edu /Murdock/ph2010/scans/_vti_cnf q99f5b.jpg
