2003.04.30 17:52 B D:\as1020\AS1020.HTML <-- IWeb /murdock/as1020 AS1020.HTML
2003.04.30 17:52 B D:\as1020\AS1020DOC.HTML <-- IWeb /murdock/as1020 AS1020DOC.HTML
2003.04.30 17:52 B D:\as1020\AS1020LEC.HTML <-- IWeb /murdock/as1020 AS1020LEC.HTML
2003.04.30 17:52 B D:\as1020\AS1020SYL.HTML <-- IWeb /murdock/as1020 AS1020SYL.HTML
2003.04.30 17:52 B D:\as1020\Astr1soln.pdf <-- IWeb /murdock/as1020 Astr1soln.pdf
2003.04.30 17:52 B D:\as1020\Astrset1.pdf <-- IWeb /murdock/as1020 Astrset1.pdf
2003.04.30 17:52 B D:\as1020\EXAM.WAV <-- IWeb /murdock/as1020 EXAM.WAV
2003.04.30 17:52 B D:\as1020\EXAM3.WAV <-- IWeb /murdock/as1020 EXAM3.WAV
2003.04.30 17:52 B D:\as1020\MURDOCK1.JPG <-- IWeb /murdock/as1020 MURDOCK1.JPG
2003.04.30 17:52 B D:\as1020\NEUTSTAR.WAV <-- IWeb /murdock/as1020 NEUTSTAR.WAV
2003.04.30 17:52 B D:\as1020\Probset1.pdf <-- IWeb /murdock/as1020 Probset1.pdf
2003.04.30 17:52 B D:\as1020\Probset2.pdf <-- IWeb /murdock/as1020 Probset2.pdf
2003.04.30 17:52 B D:\as1020\Ps1ans.pdf <-- IWeb /murdock/as1020 Ps1ans.pdf
2003.04.30 17:52 B D:\as1020\SUN1.GIF <-- IWeb /murdock/as1020 SUN1.GIF
2003.04.30 17:52 B D:\as1020\SUN1.MID <-- IWeb /murdock/as1020 SUN1.MID
2003.05.30 12:52 B D:\as1020\AS1020.HTML --> iweb.tntech.edu /Murdock/as1010/Windows Update Setup Files/as1020 AS1020.HTML
2003.05.30 12:52 B D:\as1020\AS1020DOC.HTML --> iweb.tntech.edu /Murdock/as1010/Windows Update Setup Files/as1020 AS1020DOC.HTML
2003.05.30 12:52 B D:\as1020\AS1020LEC.HTML --> iweb.tntech.edu /Murdock/as1010/Windows Update Setup Files/as1020 AS1020LEC.HTML
2003.05.30 12:52 B D:\as1020\AS1020SYL.HTML --> iweb.tntech.edu /Murdock/as1010/Windows Update Setup Files/as1020 AS1020SYL.HTML
2003.05.30 12:52 B D:\as1020\Astr1soln.pdf --> iweb.tntech.edu /Murdock/as1010/Windows Update Setup Files/as1020 Astr1soln.pdf
2003.05.30 12:52 B D:\as1020\Astrset1.pdf --> iweb.tntech.edu /Murdock/as1010/Windows Update Setup Files/as1020 Astrset1.pdf
2003.05.30 12:52 B D:\as1020\EXAM.WAV --> iweb.tntech.edu /Murdock/as1010/Windows Update Setup Files/as1020 EXAM.WAV
2003.05.30 12:52 B D:\as1020\EXAM3.WAV --> iweb.tntech.edu /Murdock/as1010/Windows Update Setup Files/as1020 EXAM3.WAV
2003.05.30 12:52 B D:\as1020\MURDOCK1.JPG --> iweb.tntech.edu /Murdock/as1010/Windows Update Setup Files/as1020 MURDOCK1.JPG
2003.05.30 12:52 B D:\as1020\NEUTSTAR.WAV --> iweb.tntech.edu /Murdock/as1010/Windows Update Setup Files/as1020 NEUTSTAR.WAV
2003.05.30 12:52 B D:\as1020\Probset1.pdf --> iweb.tntech.edu /Murdock/as1010/Windows Update Setup Files/as1020 Probset1.pdf
2003.05.30 12:52 B D:\as1020\Probset2.pdf --> iweb.tntech.edu /Murdock/as1010/Windows Update Setup Files/as1020 Probset2.pdf
2003.05.30 12:52 B D:\as1020\Ps1ans.pdf --> iweb.tntech.edu /Murdock/as1010/Windows Update Setup Files/as1020 Ps1ans.pdf
2003.05.30 12:52 B D:\as1020\SUN1.GIF --> iweb.tntech.edu /Murdock/as1010/Windows Update Setup Files/as1020 SUN1.GIF
2003.05.30 12:52 B D:\as1020\SUN1.MID --> iweb.tntech.edu /Murdock/as1010/Windows Update Setup Files/as1020 SUN1.MID
2003.05.30 12:52 B D:\as1020\WS_FTP.LOG --> iweb.tntech.edu /Murdock/as1010/Windows Update Setup Files/as1020 WS_FTP.LOG
2003.05.30 12:54 B D:\as1020\AS1020.HTML --> iweb.tntech.edu /Murdock/as1020 AS1020.HTML
2003.05.30 12:54 B D:\as1020\AS1020DOC.HTML --> iweb.tntech.edu /Murdock/as1020 AS1020DOC.HTML
2003.05.30 12:54 B D:\as1020\AS1020LEC.HTML --> iweb.tntech.edu /Murdock/as1020 AS1020LEC.HTML
2003.05.30 12:54 B D:\as1020\AS1020SYL.HTML --> iweb.tntech.edu /Murdock/as1020 AS1020SYL.HTML
2003.05.30 12:54 B D:\as1020\Astr1soln.pdf --> iweb.tntech.edu /Murdock/as1020 Astr1soln.pdf
2003.05.30 12:54 B D:\as1020\Astrset1.pdf --> iweb.tntech.edu /Murdock/as1020 Astrset1.pdf
2003.05.30 12:54 B D:\as1020\EXAM.WAV --> iweb.tntech.edu /Murdock/as1020 EXAM.WAV
2003.05.30 12:54 B D:\as1020\EXAM3.WAV --> iweb.tntech.edu /Murdock/as1020 EXAM3.WAV
2003.05.30 12:54 B D:\as1020\MURDOCK1.JPG --> iweb.tntech.edu /Murdock/as1020 MURDOCK1.JPG
2003.05.30 12:54 B D:\as1020\NEUTSTAR.WAV --> iweb.tntech.edu /Murdock/as1020 NEUTSTAR.WAV
2003.05.30 12:54 B D:\as1020\Probset1.pdf --> iweb.tntech.edu /Murdock/as1020 Probset1.pdf
2003.05.30 12:54 B D:\as1020\Probset2.pdf --> iweb.tntech.edu /Murdock/as1020 Probset2.pdf
2003.05.30 12:54 B D:\as1020\Ps1ans.pdf --> iweb.tntech.edu /Murdock/as1020 Ps1ans.pdf
2003.05.30 12:54 B D:\as1020\SUN1.GIF --> iweb.tntech.edu /Murdock/as1020 SUN1.GIF
2003.05.30 12:54 B D:\as1020\SUN1.MID --> iweb.tntech.edu /Murdock/as1020 SUN1.MID
